-------------------------------------------------------------------------------
Test set: ch.fhnw.timerecordingbackend.systemtest.TimeRecordingSystemTest
-------------------------------------------------------------------------------
Tests run: 31, Failures: 2, Errors: 0, Skipped: 0, Time elapsed: 14.76 s <<< FAILURE! -- in ch.fhnw.timerecordingbackend.systemtest.TimeRecordingSystemTest
ch.fhnw.timerecordingbackend.systemtest.TimeRecordingSystemTest.testGetActiveProjects -- Time elapsed: 0.065 s <<< FAILURE!
org.opentest4j.AssertionFailedError: expected: <200 OK> but was: <500 INTERNAL_SERVER_ERROR>
	at org.junit.jupiter.api.AssertionFailureBuilder.build(AssertionFailureBuilder.java:151)
	at org.junit.jupiter.api.AssertionFailureBuilder.buildAndThrow(AssertionFailureBuilder.java:132)
	at org.junit.jupiter.api.AssertEquals.failNotEqual(AssertEquals.java:197)
	at org.junit.jupiter.api.AssertEquals.assertEquals(AssertEquals.java:182)
	at org.junit.jupiter.api.AssertEquals.assertEquals(AssertEquals.java:177)
	at org.junit.jupiter.api.Assertions.assertEquals(Assertions.java:1145)
	at ch.fhnw.timerecordingbackend.systemtest.TimeRecordingSystemTest.testGetActiveProjects(TimeRecordingSystemTest.java:289)
	at java.base/java.lang.reflect.Method.invoke(Method.java:569)
	at java.base/java.util.ArrayList.forEach(ArrayList.java:1511)
	at java.base/java.util.ArrayList.forEach(ArrayList.java:1511)

ch.fhnw.timerecordingbackend.systemtest.TimeRecordingSystemTest.testUnauthorizedAccess -- Time elapsed: 0.018 s <<< FAILURE!
org.opentest4j.AssertionFailedError: expected: <401 UNAUTHORIZED> but was: <403 FORBIDDEN>
	at org.junit.jupiter.api.AssertionFailureBuilder.build(AssertionFailureBuilder.java:151)
	at org.junit.jupiter.api.AssertionFailureBuilder.buildAndThrow(AssertionFailureBuilder.java:132)
	at org.junit.jupiter.api.AssertEquals.failNotEqual(AssertEquals.java:197)
	at org.junit.jupiter.api.AssertEquals.assertEquals(AssertEquals.java:182)
	at org.junit.jupiter.api.AssertEquals.assertEquals(AssertEquals.java:177)
	at org.junit.jupiter.api.Assertions.assertEquals(Assertions.java:1145)
	at ch.fhnw.timerecordingbackend.systemtest.TimeRecordingSystemTest.testUnauthorizedAccess(TimeRecordingSystemTest.java:659)
	at java.base/java.lang.reflect.Method.invoke(Method.java:569)
	at java.base/java.util.ArrayList.forEach(ArrayList.java:1511)
	at java.base/java.util.ArrayList.forEach(ArrayList.java:1511)

