<?xml version="1.0" encoding="UTF-8"?>
<testsuite xmlns:xsi="http://www.w3.org/2001/XMLSchema-instance" xsi:noNamespaceSchemaLocation="https://maven.apache.org/surefire/maven-surefire-plugin/xsd/surefire-test-report.xsd" version="3.0.2" name="ch.fhnw.timerecordingbackend.controller.AdminControllerTest" time="1.155" tests="20" errors="0" skipped="0" failures="0">
  <properties>
[...]
</properties>
  <testcase name="createUser_whenEmailExists_shouldReturnBadRequest" classname="ch.fhnw.timerecordingbackend.controller.AdminControllerTest" time="0.056">
    <system-out><![CDATA[2025-05-30T22:20:53.238+02:00  INFO 19800 --- [time-recording-backend-test] [           main] t.c.s.AnnotationConfigContextLoaderUtils : Could not detect default configuration classes for test class [ch.fhnw.timerecordingbackend.controller.AdminControllerTest]: AdminControllerTest does not declare any static, non-private, non-final, nested classes annotated with @Configuration.
2025-05-30T22:20:53.246+02:00  INFO 19800 --- [time-recording-backend-test] [           main] .b.t.c.SpringBootTestContextBootstrapper : Found @SpringBootConfiguration ch.fhnw.timerecordingbackend.TimeRecordingBackendApplication for test class ch.fhnw.timerecordingbackend.controller.AdminControllerTest
2025-05-30T22:20:53.249+02:00  INFO 19800 --- [time-recording-backend-test] [           main] o.s.b.d.r.RestartApplicationListener     : Restart disabled due to context in which it is running

  .   ____          _            __ _ _
 /\\ / ___'_ __ _ _(_)_ __  __ _ \ \ \ \
( ( )\___ | '_ | '_| | '_ \/ _` | \ \ \ \
 \\/  ___)| |_)| | | | | || (_| |  ) ) ) )
  '  |____| .__|_| |_|_| |_\__, | / / / /
 =========|_|==============|___/=/_/_/_/

 :: Spring Boot ::                (v3.4.4)

2025-05-30T22:20:53.270+02:00  INFO 19800 --- [time-recording-backend-test] [           main] c.f.t.controller.AdminControllerTest     : Starting AdminControllerTest using Java 17.0.15 with PID 19800 (started by Furkan in /Users/Furkan/IdeaProjects/time-recording-backend)
2025-05-30T22:20:53.271+02:00  INFO 19800 --- [time-recording-backend-test] [           main] c.f.t.controller.AdminControllerTest     : The following 1 profile is active: "test"
2025-05-30T22:20:53.708+02:00  INFO 19800 --- [time-recording-backend-test] [           main] r$InitializeUserDetailsManagerConfigurer : Global AuthenticationManager configured with UserDetailsService bean with name ch.fhnw.timerecordingbackend.security.UserDetailsServiceImpl
2025-05-30T22:20:53.727+02:00  INFO 19800 --- [time-recording-backend-test] [           main] o.s.b.a.w.s.WelcomePageHandlerMapping    : Adding welcome page: class path resource [static/index.html]
2025-05-30T22:20:53.897+02:00 DEBUG 19800 --- [time-recording-backend-test] [           main] o.s.s.web.DefaultSecurityFilterChain     : Will secure any request with filters: DisableEncodeUrlFilter, WebAsyncManagerIntegrationFilter, SecurityContextHolderFilter, HeaderWriterFilter, LogoutFilter, JwtAuthenticationFilter, RequestCacheAwareFilter, SecurityContextHolderAwareRequestFilter, AnonymousAuthenticationFilter, SessionManagementFilter, ExceptionTranslationFilter, AuthorizationFilter
2025-05-30T22:20:54.012+02:00  INFO 19800 --- [time-recording-backend-test] [           main] o.s.b.t.m.w.SpringBootMockServletContext : Initializing Spring TestDispatcherServlet ''
2025-05-30T22:20:54.013+02:00  INFO 19800 --- [time-recording-backend-test] [           main] o.s.t.web.servlet.TestDispatcherServlet  : Initializing Servlet ''
2025-05-30T22:20:54.013+02:00  INFO 19800 --- [time-recording-backend-test] [           main] o.s.t.web.servlet.TestDispatcherServlet  : Completed initialization in 0 ms
2025-05-30T22:20:54.033+02:00  INFO 19800 --- [time-recording-backend-test] [           main] c.f.t.controller.AdminControllerTest     : Started AdminControllerTest in 0.784 seconds (process running for 21.565)
2025-05-30T22:20:54.058+02:00 DEBUG 19800 --- [time-recording-backend-test] [           main] o.s.security.web.FilterChainProxy        : Securing POST /api/admin/users
2025-05-30T22:20:54.059+02:00 DEBUG 19800 --- [time-recording-backend-test] [           main] o.s.security.web.FilterChainProxy        : Secured POST /api/admin/users
2025-05-30T22:20:54.084+02:00 DEBUG 19800 --- [time-recording-backend-test] [           main] horizationManagerBeforeMethodInterceptor : Authorizing method invocation ReflectiveMethodInvocation: public org.springframework.http.ResponseEntity ch.fhnw.timerecordingbackend.controller.AdminController.createUser(ch.fhnw.timerecordingbackend.dto.admin.UserRegistrationRequest); target is of class [ch.fhnw.timerecordingbackend.controller.AdminController]
2025-05-30T22:20:54.086+02:00 DEBUG 19800 --- [time-recording-backend-test] [           main] horizationManagerBeforeMethodInterceptor : Authorized method invocation ReflectiveMethodInvocation: public org.springframework.http.ResponseEntity ch.fhnw.timerecordingbackend.controller.AdminController.createUser(ch.fhnw.timerecordingbackend.dto.admin.UserRegistrationRequest); target is of class [ch.fhnw.timerecordingbackend.controller.AdminController]
]]></system-out>
  </testcase>
  <testcase name="rejectRegistrationRequest_whenServiceThrowsValidationException_shouldReturnBadRequest" classname="ch.fhnw.timerecordingbackend.controller.AdminControllerTest" time="0.014">
    <system-out><![CDATA[2025-05-30T22:20:54.104+02:00 DEBUG 19800 --- [time-recording-backend-test] [           main] o.s.security.web.FilterChainProxy        : Securing PATCH /api/admin/registration-requests/2/reject
2025-05-30T22:20:54.105+02:00 DEBUG 19800 --- [time-recording-backend-test] [           main] o.s.security.web.FilterChainProxy        : Secured PATCH /api/admin/registration-requests/2/reject
2025-05-30T22:20:54.107+02:00 DEBUG 19800 --- [time-recording-backend-test] [           main] horizationManagerBeforeMethodInterceptor : Authorizing method invocation ReflectiveMethodInvocation: public org.springframework.http.ResponseEntity ch.fhnw.timerecordingbackend.controller.AdminController.rejectRegistrationRequest(java.lang.Long); target is of class [ch.fhnw.timerecordingbackend.controller.AdminController]
2025-05-30T22:20:54.107+02:00 DEBUG 19800 --- [time-recording-backend-test] [           main] horizationManagerBeforeMethodInterceptor : Authorized method invocation ReflectiveMethodInvocation: public org.springframework.http.ResponseEntity ch.fhnw.timerecordingbackend.controller.AdminController.rejectRegistrationRequest(java.lang.Long); target is of class [ch.fhnw.timerecordingbackend.controller.AdminController]
]]></system-out>
  </testcase>
  <testcase name="getPendingRegistrationRequests_whenAdmin_shouldReturnPendingRequests" classname="ch.fhnw.timerecordingbackend.controller.AdminControllerTest" time="0.021">
    <system-out><![CDATA[2025-05-30T22:20:54.120+02:00 DEBUG 19800 --- [time-recording-backend-test] [           main] o.s.security.web.FilterChainProxy        : Securing GET /api/admin/registration-requests/pending
2025-05-30T22:20:54.121+02:00 DEBUG 19800 --- [time-recording-backend-test] [           main] o.s.security.web.FilterChainProxy        : Secured GET /api/admin/registration-requests/pending
2025-05-30T22:20:54.121+02:00 DEBUG 19800 --- [time-recording-backend-test] [           main] horizationManagerBeforeMethodInterceptor : Authorizing method invocation ReflectiveMethodInvocation: public org.springframework.http.ResponseEntity ch.fhnw.timerecordingbackend.controller.AdminController.getPendingRegistrationRequests(); target is of class [ch.fhnw.timerecordingbackend.controller.AdminController]
2025-05-30T22:20:54.122+02:00 DEBUG 19800 --- [time-recording-backend-test] [           main] horizationManagerBeforeMethodInterceptor : Authorized method invocation ReflectiveMethodInvocation: public org.springframework.http.ResponseEntity ch.fhnw.timerecordingbackend.controller.AdminController.getPendingRegistrationRequests(); target is of class [ch.fhnw.timerecordingbackend.controller.AdminController]
]]></system-out>
  </testcase>
  <testcase name="getUserById_whenUserExists_shouldReturnUser" classname="ch.fhnw.timerecordingbackend.controller.AdminControllerTest" time="0.024">
    <system-out><![CDATA[2025-05-30T22:20:54.141+02:00 DEBUG 19800 --- [time-recording-backend-test] [           main] o.s.security.web.FilterChainProxy        : Securing GET /api/admin/users/1
2025-05-30T22:20:54.142+02:00 DEBUG 19800 --- [time-recording-backend-test] [           main] o.s.security.web.FilterChainProxy        : Secured GET /api/admin/users/1
2025-05-30T22:20:54.143+02:00 DEBUG 19800 --- [time-recording-backend-test] [           main] horizationManagerBeforeMethodInterceptor : Authorizing method invocation ReflectiveMethodInvocation: public org.springframework.http.ResponseEntity ch.fhnw.timerecordingbackend.controller.AdminController.getUserById(java.lang.Long); target is of class [ch.fhnw.timerecordingbackend.controller.AdminController]
2025-05-30T22:20:54.144+02:00 DEBUG 19800 --- [time-recording-backend-test] [           main] horizationManagerBeforeMethodInterceptor : Authorized method invocation ReflectiveMethodInvocation: public org.springframework.http.ResponseEntity ch.fhnw.timerecordingbackend.controller.AdminController.getUserById(java.lang.Long); target is of class [ch.fhnw.timerecordingbackend.controller.AdminController]
]]></system-out>
  </testcase>
  <testcase name="createUser_whenAdminAndValidRequestAndNoPassword_shouldUseLastNameAsTemporaryPassword" classname="ch.fhnw.timerecordingbackend.controller.AdminControllerTest" time="0.017">
    <system-out><![CDATA[2025-05-30T22:20:54.167+02:00 DEBUG 19800 --- [time-recording-backend-test] [           main] o.s.security.web.FilterChainProxy        : Securing POST /api/admin/users
2025-05-30T22:20:54.167+02:00 DEBUG 19800 --- [time-recording-backend-test] [           main] o.s.security.web.FilterChainProxy        : Secured POST /api/admin/users
2025-05-30T22:20:54.170+02:00 DEBUG 19800 --- [time-recording-backend-test] [           main] horizationManagerBeforeMethodInterceptor : Authorizing method invocation ReflectiveMethodInvocation: public org.springframework.http.ResponseEntity ch.fhnw.timerecordingbackend.controller.AdminController.createUser(ch.fhnw.timerecordingbackend.dto.admin.UserRegistrationRequest); target is of class [ch.fhnw.timerecordingbackend.controller.AdminController]
2025-05-30T22:20:54.171+02:00 DEBUG 19800 --- [time-recording-backend-test] [           main] horizationManagerBeforeMethodInterceptor : Authorized method invocation ReflectiveMethodInvocation: public org.springframework.http.ResponseEntity ch.fhnw.timerecordingbackend.controller.AdminController.createUser(ch.fhnw.timerecordingbackend.dto.admin.UserRegistrationRequest); target is of class [ch.fhnw.timerecordingbackend.controller.AdminController]
]]></system-out>
  </testcase>
  <testcase name="removeRoleFromUser_whenAdmin_shouldRemoveRole" classname="ch.fhnw.timerecordingbackend.controller.AdminControllerTest" time="0.014">
    <system-out><![CDATA[2025-05-30T22:20:54.186+02:00 DEBUG 19800 --- [time-recording-backend-test] [           main] o.s.security.web.FilterChainProxy        : Securing DELETE /api/admin/users/1/roles
2025-05-30T22:20:54.187+02:00 DEBUG 19800 --- [time-recording-backend-test] [           main] o.s.security.web.FilterChainProxy        : Secured DELETE /api/admin/users/1/roles
2025-05-30T22:20:54.189+02:00 DEBUG 19800 --- [time-recording-backend-test] [           main] horizationManagerBeforeMethodInterceptor : Authorizing method invocation ReflectiveMethodInvocation: public org.springframework.http.ResponseEntity ch.fhnw.timerecordingbackend.controller.AdminController.removeRoleFromUser(java.lang.Long,java.lang.String); target is of class [ch.fhnw.timerecordingbackend.controller.AdminController]
2025-05-30T22:20:54.190+02:00 DEBUG 19800 --- [time-recording-backend-test] [           main] horizationManagerBeforeMethodInterceptor : Authorized method invocation ReflectiveMethodInvocation: public org.springframework.http.ResponseEntity ch.fhnw.timerecordingbackend.controller.AdminController.removeRoleFromUser(java.lang.Long,java.lang.String); target is of class [ch.fhnw.timerecordingbackend.controller.AdminController]
]]></system-out>
  </testcase>
  <testcase name="searchUsers_whenAdmin_shouldReturnMatchingUsers" classname="ch.fhnw.timerecordingbackend.controller.AdminControllerTest" time="0.009">
    <system-out><![CDATA[2025-05-30T22:20:54.198+02:00 DEBUG 19800 --- [time-recording-backend-test] [           main] o.s.security.web.FilterChainProxy        : Securing GET /api/admin/users/search
2025-05-30T22:20:54.198+02:00 DEBUG 19800 --- [time-recording-backend-test] [           main] o.s.security.web.FilterChainProxy        : Secured GET /api/admin/users/search
2025-05-30T22:20:54.199+02:00 DEBUG 19800 --- [time-recording-backend-test] [           main] horizationManagerBeforeMethodInterceptor : Authorizing method invocation ReflectiveMethodInvocation: public org.springframework.http.ResponseEntity ch.fhnw.timerecordingbackend.controller.AdminController.searchUsers(java.lang.String); target is of class [ch.fhnw.timerecordingbackend.controller.AdminController]
2025-05-30T22:20:54.199+02:00 DEBUG 19800 --- [time-recording-backend-test] [           main] horizationManagerBeforeMethodInterceptor : Authorized method invocation ReflectiveMethodInvocation: public org.springframework.http.ResponseEntity ch.fhnw.timerecordingbackend.controller.AdminController.searchUsers(java.lang.String); target is of class [ch.fhnw.timerecordingbackend.controller.AdminController]
]]></system-out>
  </testcase>
  <testcase name="resetUserPassword_whenAdmin_shouldReturnTemporaryPassword" classname="ch.fhnw.timerecordingbackend.controller.AdminControllerTest" time="0.01">
    <system-out><![CDATA[2025-05-30T22:20:54.209+02:00 DEBUG 19800 --- [time-recording-backend-test] [           main] o.s.security.web.FilterChainProxy        : Securing POST /api/admin/users/2/reset-password
2025-05-30T22:20:54.209+02:00 DEBUG 19800 --- [time-recording-backend-test] [           main] o.s.security.web.FilterChainProxy        : Secured POST /api/admin/users/2/reset-password
2025-05-30T22:20:54.211+02:00 DEBUG 19800 --- [time-recording-backend-test] [           main] horizationManagerBeforeMethodInterceptor : Authorizing method invocation ReflectiveMethodInvocation: public org.springframework.http.ResponseEntity ch.fhnw.timerecordingbackend.controller.AdminController.resetUserPassword(java.lang.Long); target is of class [ch.fhnw.timerecordingbackend.controller.AdminController]
2025-05-30T22:20:54.212+02:00 DEBUG 19800 --- [time-recording-backend-test] [           main] horizationManagerBeforeMethodInterceptor : Authorized method invocation ReflectiveMethodInvocation: public org.springframework.http.ResponseEntity ch.fhnw.timerecordingbackend.controller.AdminController.resetUserPassword(java.lang.Long); target is of class [ch.fhnw.timerecordingbackend.controller.AdminController]
]]></system-out>
  </testcase>
  <testcase name="activateUser_whenAdmin_shouldActivateUser" classname="ch.fhnw.timerecordingbackend.controller.AdminControllerTest" time="0.009">
    <system-out><![CDATA[2025-05-30T22:20:54.219+02:00 DEBUG 19800 --- [time-recording-backend-test] [           main] o.s.security.web.FilterChainProxy        : Securing PATCH /api/admin/users/2/activate
2025-05-30T22:20:54.220+02:00 DEBUG 19800 --- [time-recording-backend-test] [           main] o.s.security.web.FilterChainProxy        : Secured PATCH /api/admin/users/2/activate
2025-05-30T22:20:54.222+02:00 DEBUG 19800 --- [time-recording-backend-test] [           main] horizationManagerBeforeMethodInterceptor : Authorizing method invocation ReflectiveMethodInvocation: public org.springframework.http.ResponseEntity ch.fhnw.timerecordingbackend.controller.AdminController.activateUser(java.lang.Long); target is of class [ch.fhnw.timerecordingbackend.controller.AdminController]
2025-05-30T22:20:54.222+02:00 DEBUG 19800 --- [time-recording-backend-test] [           main] horizationManagerBeforeMethodInterceptor : Authorized method invocation ReflectiveMethodInvocation: public org.springframework.http.ResponseEntity ch.fhnw.timerecordingbackend.controller.AdminController.activateUser(java.lang.Long); target is of class [ch.fhnw.timerecordingbackend.controller.AdminController]
]]></system-out>
  </testcase>
  <testcase name="getAllRoles_whenAdmin_shouldReturnRolesList" classname="ch.fhnw.timerecordingbackend.controller.AdminControllerTest" time="0.02">
    <system-out><![CDATA[2025-05-30T22:20:54.230+02:00 DEBUG 19800 --- [time-recording-backend-test] [           main] o.s.security.web.FilterChainProxy        : Securing GET /api/admin/roles
2025-05-30T22:20:54.230+02:00 DEBUG 19800 --- [time-recording-backend-test] [           main] o.s.security.web.FilterChainProxy        : Secured GET /api/admin/roles
2025-05-30T22:20:54.231+02:00 DEBUG 19800 --- [time-recording-backend-test] [           main] horizationManagerBeforeMethodInterceptor : Authorizing method invocation ReflectiveMethodInvocation: public org.springframework.http.ResponseEntity ch.fhnw.timerecordingbackend.controller.AdminController.getAllRoles(); target is of class [ch.fhnw.timerecordingbackend.controller.AdminController]
2025-05-30T22:20:54.231+02:00 DEBUG 19800 --- [time-recording-backend-test] [           main] horizationManagerBeforeMethodInterceptor : Authorized method invocation ReflectiveMethodInvocation: public org.springframework.http.ResponseEntity ch.fhnw.timerecordingbackend.controller.AdminController.getAllRoles(); target is of class [ch.fhnw.timerecordingbackend.controller.AdminController]
]]></system-out>
  </testcase>
  <testcase name="rejectRegistrationRequest_whenAdmin_shouldReject" classname="ch.fhnw.timerecordingbackend.controller.AdminControllerTest" time="0.008">
    <system-out><![CDATA[2025-05-30T22:20:54.251+02:00 DEBUG 19800 --- [time-recording-backend-test] [           main] o.s.security.web.FilterChainProxy        : Securing PATCH /api/admin/registration-requests/1/reject
2025-05-30T22:20:54.252+02:00 DEBUG 19800 --- [time-recording-backend-test] [           main] o.s.security.web.FilterChainProxy        : Secured PATCH /api/admin/registration-requests/1/reject
2025-05-30T22:20:54.252+02:00 DEBUG 19800 --- [time-recording-backend-test] [           main] horizationManagerBeforeMethodInterceptor : Authorizing method invocation ReflectiveMethodInvocation: public org.springframework.http.ResponseEntity ch.fhnw.timerecordingbackend.controller.AdminController.rejectRegistrationRequest(java.lang.Long); target is of class [ch.fhnw.timerecordingbackend.controller.AdminController]
2025-05-30T22:20:54.253+02:00 DEBUG 19800 --- [time-recording-backend-test] [           main] horizationManagerBeforeMethodInterceptor : Authorized method invocation ReflectiveMethodInvocation: public org.springframework.http.ResponseEntity ch.fhnw.timerecordingbackend.controller.AdminController.rejectRegistrationRequest(java.lang.Long); target is of class [ch.fhnw.timerecordingbackend.controller.AdminController]
]]></system-out>
  </testcase>
  <testcase name="changeUserStatus_whenAdmin_shouldChangeStatus" classname="ch.fhnw.timerecordingbackend.controller.AdminControllerTest" time="0.01">
    <system-out><![CDATA[2025-05-30T22:20:54.259+02:00 DEBUG 19800 --- [time-recording-backend-test] [           main] o.s.security.web.FilterChainProxy        : Securing PATCH /api/admin/users/1/status
2025-05-30T22:20:54.259+02:00 DEBUG 19800 --- [time-recording-backend-test] [           main] o.s.security.web.FilterChainProxy        : Secured PATCH /api/admin/users/1/status
2025-05-30T22:20:54.260+02:00 DEBUG 19800 --- [time-recording-backend-test] [           main] horizationManagerBeforeMethodInterceptor : Authorizing method invocation ReflectiveMethodInvocation: public org.springframework.http.ResponseEntity ch.fhnw.timerecordingbackend.controller.AdminController.changeUserStatus(java.lang.Long,ch.fhnw.timerecordingbackend.model.enums.UserStatus); target is of class [ch.fhnw.timerecordingbackend.controller.AdminController]
2025-05-30T22:20:54.261+02:00 DEBUG 19800 --- [time-recording-backend-test] [           main] horizationManagerBeforeMethodInterceptor : Authorized method invocation ReflectiveMethodInvocation: public org.springframework.http.ResponseEntity ch.fhnw.timerecordingbackend.controller.AdminController.changeUserStatus(java.lang.Long,ch.fhnw.timerecordingbackend.model.enums.UserStatus); target is of class [ch.fhnw.timerecordingbackend.controller.AdminController]
]]></system-out>
  </testcase>
  <testcase name="approveRegistrationRequest_whenAdmin_shouldApprove" classname="ch.fhnw.timerecordingbackend.controller.AdminControllerTest" time="0.01">
    <system-out><![CDATA[2025-05-30T22:20:54.271+02:00 DEBUG 19800 --- [time-recording-backend-test] [           main] o.s.security.web.FilterChainProxy        : Securing PATCH /api/admin/registration-requests/1/approve
2025-05-30T22:20:54.272+02:00 DEBUG 19800 --- [time-recording-backend-test] [           main] o.s.security.web.FilterChainProxy        : Secured PATCH /api/admin/registration-requests/1/approve
2025-05-30T22:20:54.272+02:00 DEBUG 19800 --- [time-recording-backend-test] [           main] horizationManagerBeforeMethodInterceptor : Authorizing method invocation ReflectiveMethodInvocation: public org.springframework.http.ResponseEntity ch.fhnw.timerecordingbackend.controller.AdminController.approveRegistrationRequest(java.lang.Long); target is of class [ch.fhnw.timerecordingbackend.controller.AdminController]
2025-05-30T22:20:54.274+02:00 DEBUG 19800 --- [time-recording-backend-test] [           main] horizationManagerBeforeMethodInterceptor : Authorized method invocation ReflectiveMethodInvocation: public org.springframework.http.ResponseEntity ch.fhnw.timerecordingbackend.controller.AdminController.approveRegistrationRequest(java.lang.Long); target is of class [ch.fhnw.timerecordingbackend.controller.AdminController]
]]></system-out>
  </testcase>
  <testcase name="getSystemLogs_whenAdmin_shouldReturnLogs" classname="ch.fhnw.timerecordingbackend.controller.AdminControllerTest" time="0.02">
    <system-out><![CDATA[2025-05-30T22:20:54.282+02:00 DEBUG 19800 --- [time-recording-backend-test] [           main] o.s.security.web.FilterChainProxy        : Securing GET /api/admin/logs
2025-05-30T22:20:54.283+02:00 DEBUG 19800 --- [time-recording-backend-test] [           main] o.s.security.web.FilterChainProxy        : Secured GET /api/admin/logs
2025-05-30T22:20:54.283+02:00 DEBUG 19800 --- [time-recording-backend-test] [           main] horizationManagerBeforeMethodInterceptor : Authorizing method invocation ReflectiveMethodInvocation: public org.springframework.http.ResponseEntity ch.fhnw.timerecordingbackend.controller.AdminController.getSystemLogs(); target is of class [ch.fhnw.timerecordingbackend.controller.AdminController]
2025-05-30T22:20:54.284+02:00 DEBUG 19800 --- [time-recording-backend-test] [           main] horizationManagerBeforeMethodInterceptor : Authorized method invocation ReflectiveMethodInvocation: public org.springframework.http.ResponseEntity ch.fhnw.timerecordingbackend.controller.AdminController.getSystemLogs(); target is of class [ch.fhnw.timerecordingbackend.controller.AdminController]
]]></system-out>
  </testcase>
  <testcase name="updateUser_whenAdminAndValidRequest_shouldReturnUpdatedUser" classname="ch.fhnw.timerecordingbackend.controller.AdminControllerTest" time="0.013">
    <system-out><![CDATA[2025-05-30T22:20:54.307+02:00 DEBUG 19800 --- [time-recording-backend-test] [           main] o.s.security.web.FilterChainProxy        : Securing PUT /api/admin/users/1
2025-05-30T22:20:54.307+02:00 DEBUG 19800 --- [time-recording-backend-test] [           main] o.s.security.web.FilterChainProxy        : Secured PUT /api/admin/users/1
2025-05-30T22:20:54.309+02:00 DEBUG 19800 --- [time-recording-backend-test] [           main] horizationManagerBeforeMethodInterceptor : Authorizing method invocation ReflectiveMethodInvocation: public org.springframework.http.ResponseEntity ch.fhnw.timerecordingbackend.controller.AdminController.updateUser(java.lang.Long,ch.fhnw.timerecordingbackend.dto.admin.UserRegistrationRequest); target is of class [ch.fhnw.timerecordingbackend.controller.AdminController]
2025-05-30T22:20:54.310+02:00 DEBUG 19800 --- [time-recording-backend-test] [           main] horizationManagerBeforeMethodInterceptor : Authorized method invocation ReflectiveMethodInvocation: public org.springframework.http.ResponseEntity ch.fhnw.timerecordingbackend.controller.AdminController.updateUser(java.lang.Long,ch.fhnw.timerecordingbackend.dto.admin.UserRegistrationRequest); target is of class [ch.fhnw.timerecordingbackend.controller.AdminController]
]]></system-out>
  </testcase>
  <testcase name="deactivateUser_whenAdmin_shouldDeactivateUser" classname="ch.fhnw.timerecordingbackend.controller.AdminControllerTest" time="0.011">
    <system-out><![CDATA[2025-05-30T22:20:54.326+02:00 DEBUG 19800 --- [time-recording-backend-test] [           main] o.s.security.web.FilterChainProxy        : Securing PATCH /api/admin/user/1/deactivate
2025-05-30T22:20:54.327+02:00 DEBUG 19800 --- [time-recording-backend-test] [           main] o.s.security.web.FilterChainProxy        : Secured PATCH /api/admin/user/1/deactivate
2025-05-30T22:20:54.328+02:00 DEBUG 19800 --- [time-recording-backend-test] [           main] horizationManagerBeforeMethodInterceptor : Authorizing method invocation ReflectiveMethodInvocation: public org.springframework.http.ResponseEntity ch.fhnw.timerecordingbackend.controller.AdminController.deactivateUser(java.lang.Long); target is of class [ch.fhnw.timerecordingbackend.controller.AdminController]
2025-05-30T22:20:54.329+02:00 DEBUG 19800 --- [time-recording-backend-test] [           main] horizationManagerBeforeMethodInterceptor : Authorized method invocation ReflectiveMethodInvocation: public org.springframework.http.ResponseEntity ch.fhnw.timerecordingbackend.controller.AdminController.deactivateUser(java.lang.Long); target is of class [ch.fhnw.timerecordingbackend.controller.AdminController]
]]></system-out>
  </testcase>
  <testcase name="createUser_whenAdminAndValidRequest_shouldReturnCreatedUser" classname="ch.fhnw.timerecordingbackend.controller.AdminControllerTest" time="0.009">
    <system-out><![CDATA[2025-05-30T22:20:54.337+02:00 DEBUG 19800 --- [time-recording-backend-test] [           main] o.s.security.web.FilterChainProxy        : Securing POST /api/admin/users
2025-05-30T22:20:54.338+02:00 DEBUG 19800 --- [time-recording-backend-test] [           main] o.s.security.web.FilterChainProxy        : Secured POST /api/admin/users
2025-05-30T22:20:54.341+02:00 DEBUG 19800 --- [time-recording-backend-test] [           main] horizationManagerBeforeMethodInterceptor : Authorizing method invocation ReflectiveMethodInvocation: public org.springframework.http.ResponseEntity ch.fhnw.timerecordingbackend.controller.AdminController.createUser(ch.fhnw.timerecordingbackend.dto.admin.UserRegistrationRequest); target is of class [ch.fhnw.timerecordingbackend.controller.AdminController]
2025-05-30T22:20:54.341+02:00 DEBUG 19800 --- [time-recording-backend-test] [           main] horizationManagerBeforeMethodInterceptor : Authorized method invocation ReflectiveMethodInvocation: public org.springframework.http.ResponseEntity ch.fhnw.timerecordingbackend.controller.AdminController.createUser(ch.fhnw.timerecordingbackend.dto.admin.UserRegistrationRequest); target is of class [ch.fhnw.timerecordingbackend.controller.AdminController]
]]></system-out>
  </testcase>
  <testcase name="getUserById_whenUserNotFound_shouldReturnNotFound" classname="ch.fhnw.timerecordingbackend.controller.AdminControllerTest" time="0.008">
    <system-out><![CDATA[2025-05-30T22:20:54.348+02:00 DEBUG 19800 --- [time-recording-backend-test] [           main] o.s.security.web.FilterChainProxy        : Securing GET /api/admin/users/99
2025-05-30T22:20:54.348+02:00 DEBUG 19800 --- [time-recording-backend-test] [           main] o.s.security.web.FilterChainProxy        : Secured GET /api/admin/users/99
2025-05-30T22:20:54.348+02:00 DEBUG 19800 --- [time-recording-backend-test] [           main] horizationManagerBeforeMethodInterceptor : Authorizing method invocation ReflectiveMethodInvocation: public org.springframework.http.ResponseEntity ch.fhnw.timerecordingbackend.controller.AdminController.getUserById(java.lang.Long); target is of class [ch.fhnw.timerecordingbackend.controller.AdminController]
2025-05-30T22:20:54.349+02:00 DEBUG 19800 --- [time-recording-backend-test] [           main] horizationManagerBeforeMethodInterceptor : Authorized method invocation ReflectiveMethodInvocation: public org.springframework.http.ResponseEntity ch.fhnw.timerecordingbackend.controller.AdminController.getUserById(java.lang.Long); target is of class [ch.fhnw.timerecordingbackend.controller.AdminController]
]]></system-out>
  </testcase>
  <testcase name="getAllUsers_whenAdmin_shouldReturnListOfUsers" classname="ch.fhnw.timerecordingbackend.controller.AdminControllerTest" time="0.007">
    <system-out><![CDATA[2025-05-30T22:20:54.355+02:00 DEBUG 19800 --- [time-recording-backend-test] [           main] o.s.security.web.FilterChainProxy        : Securing GET /api/admin/users
2025-05-30T22:20:54.355+02:00 DEBUG 19800 --- [time-recording-backend-test] [           main] o.s.security.web.FilterChainProxy        : Secured GET /api/admin/users
2025-05-30T22:20:54.355+02:00 DEBUG 19800 --- [time-recording-backend-test] [           main] horizationManagerBeforeMethodInterceptor : Authorizing method invocation ReflectiveMethodInvocation: public org.springframework.http.ResponseEntity ch.fhnw.timerecordingbackend.controller.AdminController.getAllUsers(); target is of class [ch.fhnw.timerecordingbackend.controller.AdminController]
2025-05-30T22:20:54.355+02:00 DEBUG 19800 --- [time-recording-backend-test] [           main] horizationManagerBeforeMethodInterceptor : Authorized method invocation ReflectiveMethodInvocation: public org.springframework.http.ResponseEntity ch.fhnw.timerecordingbackend.controller.AdminController.getAllUsers(); target is of class [ch.fhnw.timerecordingbackend.controller.AdminController]
]]></system-out>
  </testcase>
  <testcase name="addRoleToUser_whenAdmin_shouldAddRole" classname="ch.fhnw.timerecordingbackend.controller.AdminControllerTest" time="0.017">
    <system-out><![CDATA[2025-05-30T22:20:54.361+02:00 DEBUG 19800 --- [time-recording-backend-test] [           main] o.s.security.web.FilterChainProxy        : Securing POST /api/admin/users/2/roles
2025-05-30T22:20:54.362+02:00 DEBUG 19800 --- [time-recording-backend-test] [           main] o.s.security.web.FilterChainProxy        : Secured POST /api/admin/users/2/roles
2025-05-30T22:20:54.362+02:00 DEBUG 19800 --- [time-recording-backend-test] [           main] horizationManagerBeforeMethodInterceptor : Authorizing method invocation ReflectiveMethodInvocation: public org.springframework.http.ResponseEntity ch.fhnw.timerecordingbackend.controller.AdminController.addRoleToUser(java.lang.Long,java.lang.String); target is of class [ch.fhnw.timerecordingbackend.controller.AdminController]
2025-05-30T22:20:54.362+02:00 DEBUG 19800 --- [time-recording-backend-test] [           main] horizationManagerBeforeMethodInterceptor : Authorized method invocation ReflectiveMethodInvocation: public org.springframework.http.ResponseEntity ch.fhnw.timerecordingbackend.controller.AdminController.addRoleToUser(java.lang.Long,java.lang.String); target is of class [ch.fhnw.timerecordingbackend.controller.AdminController]
]]></system-out>
  </testcase>
</testsuite>