<?xml version="1.0" encoding="UTF-8"?>
<testsuite xmlns:xsi="http://www.w3.org/2001/XMLSchema-instance" xsi:noNamespaceSchemaLocation="https://maven.apache.org/surefire/maven-surefire-plugin/xsd/surefire-test-report.xsd" version="3.0.2" name="ch.fhnw.timerecordingbackend.service.TimeEntryServiceIntegrationTest" time="2.996" tests="6" errors="0" skipped="0" failures="0">
  <properties>
[...]
</properties>
  <testcase name="stopTimeTracking_Success" classname="ch.fhnw.timerecordingbackend.service.TimeEntryServiceIntegrationTest" time="0.103">
    <system-out><![CDATA[2025-05-30T22:20:59.882+02:00  INFO 19800 --- [time-recording-backend-test] [           main] t.c.s.AnnotationConfigContextLoaderUtils : Could not detect default configuration classes for test class [ch.fhnw.timerecordingbackend.service.TimeEntryServiceIntegrationTest]: TimeEntryServiceIntegrationTest does not declare any static, non-private, non-final, nested classes annotated with @Configuration.
2025-05-30T22:20:59.892+02:00  INFO 19800 --- [time-recording-backend-test] [           main] .b.t.c.SpringBootTestContextBootstrapper : Found @SpringBootConfiguration ch.fhnw.timerecordingbackend.TimeRecordingBackendApplication for test class ch.fhnw.timerecordingbackend.service.TimeEntryServiceIntegrationTest
2025-05-30T22:20:59.907+02:00  INFO 19800 --- [time-recording-backend-test] [           main] o.s.b.d.r.RestartApplicationListener     : Restart disabled due to context in which it is running

  .   ____          _            __ _ _
 /\\ / ___'_ __ _ _(_)_ __  __ _ \ \ \ \
( ( )\___ | '_ | '_| | '_ \/ _` | \ \ \ \
 \\/  ___)| |_)| | | | | || (_| |  ) ) ) )
  '  |____| .__|_| |_|_| |_\__, | / / / /
 =========|_|==============|___/=/_/_/_/

 :: Spring Boot ::                (v3.4.4)

2025-05-30T22:20:59.992+02:00  INFO 19800 --- [time-recording-backend-test] [           main] c.f.t.s.TimeEntryServiceIntegrationTest  : Starting TimeEntryServiceIntegrationTest using Java 17.0.15 with PID 19800 (started by Furkan in /Users/Furkan/IdeaProjects/time-recording-backend)
2025-05-30T22:20:59.992+02:00  INFO 19800 --- [time-recording-backend-test] [           main] c.f.t.s.TimeEntryServiceIntegrationTest  : The following 1 profile is active: "test"
2025-05-30T22:21:00.352+02:00  INFO 19800 --- [time-recording-backend-test] [           main] .s.d.r.c.RepositoryConfigurationDelegate : Bootstrapping Spring Data JPA repositories in DEFAULT mode.
2025-05-30T22:21:00.419+02:00  INFO 19800 --- [time-recording-backend-test] [           main] .s.d.r.c.RepositoryConfigurationDelegate : Finished Spring Data repository scanning in 60 ms. Found 7 JPA repository interfaces.
2025-05-30T22:21:00.663+02:00  INFO 19800 --- [time-recording-backend-test] [           main] o.hibernate.jpa.internal.util.LogHelper  : HHH000204: Processing PersistenceUnitInfo [name: default]
2025-05-30T22:21:00.669+02:00  INFO 19800 --- [time-recording-backend-test] [           main] o.h.c.internal.RegionFactoryInitiator    : HHH000026: Second-level cache disabled
2025-05-30T22:21:00.686+02:00  INFO 19800 --- [time-recording-backend-test] [           main] o.s.o.j.p.SpringPersistenceUnitInfo      : No LoadTimeWeaver setup: ignoring JPA class transformer
2025-05-30T22:21:00.688+02:00  INFO 19800 --- [time-recording-backend-test] [           main] com.zaxxer.hikari.HikariDataSource       : HikariPool-3 - Starting...
2025-05-30T22:21:00.697+02:00  INFO 19800 --- [time-recording-backend-test] [           main] com.zaxxer.hikari.pool.HikariPool        : HikariPool-3 - Added connection conn20: url=jdbc:h2:mem:testdb user=SA
2025-05-30T22:21:00.698+02:00  INFO 19800 --- [time-recording-backend-test] [           main] com.zaxxer.hikari.HikariDataSource       : HikariPool-3 - Start completed.
2025-05-30T22:21:00.699+02:00  WARN 19800 --- [time-recording-backend-test] [           main] org.hibernate.orm.deprecation            : HHH90000025: H2Dialect does not need to be specified explicitly using 'hibernate.dialect' (remove the property setting and it will be selected by default)
2025-05-30T22:21:00.701+02:00  INFO 19800 --- [time-recording-backend-test] [           main] org.hibernate.orm.connections.pooling    : HHH10001005: Database info:
	Database JDBC URL [Connecting through datasource 'HikariDataSource (HikariPool-3)']
	Database driver: undefined/unknown
	Database version: 2.3.232
	Autocommit mode: undefined/unknown
	Isolation level: undefined/unknown
	Minimum pool size: undefined/unknown
	Maximum pool size: undefined/unknown
2025-05-30T22:21:01.007+02:00  INFO 19800 --- [time-recording-backend-test] [           main] o.h.e.t.j.p.i.JtaPlatformInitiator       : HHH000489: No JTA platform available (set 'hibernate.transaction.jta.platform' to enable JTA platform integration)
2025-05-30T22:21:01.076+02:00  INFO 19800 --- [time-recording-backend-test] [           main] j.LocalContainerEntityManagerFactoryBean : Initialized JPA EntityManagerFactory for persistence unit 'default'
2025-05-30T22:21:01.480+02:00  INFO 19800 --- [time-recording-backend-test] [           main] r$InitializeUserDetailsManagerConfigurer : Global AuthenticationManager configured with UserDetailsService bean with name userDetailsServiceImpl
2025-05-30T22:21:01.525+02:00  WARN 19800 --- [time-recording-backend-test] [           main] JpaBaseConfiguration$JpaWebConfiguration : spring.jpa.open-in-view is enabled by default. Therefore, database queries may be performed during view rendering. Explicitly configure spring.jpa.open-in-view to disable this warning
2025-05-30T22:21:01.569+02:00  INFO 19800 --- [time-recording-backend-test] [           main] o.s.b.a.w.s.WelcomePageHandlerMapping    : Adding welcome page: class path resource [static/index.html]
2025-05-30T22:21:01.813+02:00 DEBUG 19800 --- [time-recording-backend-test] [           main] o.s.s.web.DefaultSecurityFilterChain     : Will secure any request with filters: DisableEncodeUrlFilter, WebAsyncManagerIntegrationFilter, SecurityContextHolderFilter, HeaderWriterFilter, LogoutFilter, JwtAuthenticationFilter, RequestCacheAwareFilter, SecurityContextHolderAwareRequestFilter, AnonymousAuthenticationFilter, SessionManagementFilter, ExceptionTranslationFilter, AuthorizationFilter
2025-05-30T22:21:02.057+02:00  INFO 19800 --- [time-recording-backend-test] [           main] c.f.t.s.TimeEntryServiceIntegrationTest  : Started TimeEntryServiceIntegrationTest in 2.152 seconds (process running for 29.589)
Initialisiere Testdaten für Systemtests...
  ✓ Admin-Rolle erstellt
  ✓ Manager-Rolle erstellt
  ✓ Employee-Rolle erstellt
  ✓ Admin-Benutzer erstellt: admin@timerecording.ch
  ✓ Manager-Benutzer erstellt: manager@timerecording.ch
  ✓ Employee-Benutzer erstellt: anna.schmidt@timerecording.ch
Testdaten erfolgreich erstellt!
]]></system-out>
  </testcase>
  <testcase name="createTimeEntry_Success" classname="ch.fhnw.timerecordingbackend.service.TimeEntryServiceIntegrationTest" time="0.085"/>
  <testcase name="updateTimeEntry_Success" classname="ch.fhnw.timerecordingbackend.service.TimeEntryServiceIntegrationTest" time="0.08"/>
  <testcase name="deleteTimeEntry_Success" classname="ch.fhnw.timerecordingbackend.service.TimeEntryServiceIntegrationTest" time="0.078"/>
  <testcase name="startTimeTracking_Success" classname="ch.fhnw.timerecordingbackend.service.TimeEntryServiceIntegrationTest" time="0.084"/>
  <testcase name="createTimeEntry_DuplicateEntry_ThrowsException" classname="ch.fhnw.timerecordingbackend.service.TimeEntryServiceIntegrationTest" time="0.085"/>
</testsuite>