<?xml version="1.0" encoding="UTF-8"?>
<testsuite xmlns:xsi="http://www.w3.org/2001/XMLSchema-instance" xsi:noNamespaceSchemaLocation="https://maven.apache.org/surefire/maven-surefire-plugin/xsd/surefire-test-report.xsd" version="3.0.2" name="ch.fhnw.timerecordingbackend.TimeRecordingBackendApplicationTests" time="3.385" tests="1" errors="0" skipped="0" failures="0">
  <properties>
[...]
</properties>
  <testcase name="contextLoads" classname="ch.fhnw.timerecordingbackend.TimeRecordingBackendApplicationTests" time="0.017">
    <system-out><![CDATA[2025-05-30T22:20:54.390+02:00  INFO 19800 --- [time-recording-backend-test] [           main] t.c.s.AnnotationConfigContextLoaderUtils : Could not detect default configuration classes for test class [ch.fhnw.timerecordingbackend.TimeRecordingBackendApplicationTests]: TimeRecordingBackendApplicationTests does not declare any static, non-private, non-final, nested classes annotated with @Configuration.
2025-05-30T22:20:54.412+02:00  INFO 19800 --- [time-recording-backend-test] [           main] .b.t.c.SpringBootTestContextBootstrapper : Found @SpringBootConfiguration ch.fhnw.timerecordingbackend.TimeRecordingBackendApplication for test class ch.fhnw.timerecordingbackend.TimeRecordingBackendApplicationTests
2025-05-30T22:20:54.418+02:00  INFO 19800 --- [time-recording-backend-test] [           main] o.s.b.d.r.RestartApplicationListener     : Restart disabled due to context in which it is running

  .   ____          _            __ _ _
 /\\ / ___'_ __ _ _(_)_ __  __ _ \ \ \ \
( ( )\___ | '_ | '_| | '_ \/ _` | \ \ \ \
 \\/  ___)| |_)| | | | | || (_| |  ) ) ) )
  '  |____| .__|_| |_|_| |_\__, | / / / /
 =========|_|==============|___/=/_/_/_/

 :: Spring Boot ::                (v3.4.4)

2025-05-30T22:20:54.462+02:00  INFO 19800 --- [time-recording-backend-test] [           main] f.t.TimeRecordingBackendApplicationTests : Starting TimeRecordingBackendApplicationTests using Java 17.0.15 with PID 19800 (started by Furkan in /Users/Furkan/IdeaProjects/time-recording-backend)
2025-05-30T22:20:54.463+02:00  INFO 19800 --- [time-recording-backend-test] [           main] f.t.TimeRecordingBackendApplicationTests : The following 1 profile is active: "test"
2025-05-30T22:20:54.710+02:00  INFO 19800 --- [time-recording-backend-test] [           main] .s.d.r.c.RepositoryConfigurationDelegate : Bootstrapping Spring Data JPA repositories in DEFAULT mode.
2025-05-30T22:20:54.748+02:00  INFO 19800 --- [time-recording-backend-test] [           main] .s.d.r.c.RepositoryConfigurationDelegate : Finished Spring Data repository scanning in 34 ms. Found 7 JPA repository interfaces.
2025-05-30T22:20:55.057+02:00  INFO 19800 --- [time-recording-backend-test] [           main] o.hibernate.jpa.internal.util.LogHelper  : HHH000204: Processing PersistenceUnitInfo [name: default]
2025-05-30T22:20:55.070+02:00  INFO 19800 --- [time-recording-backend-test] [           main] o.h.c.internal.RegionFactoryInitiator    : HHH000026: Second-level cache disabled
2025-05-30T22:20:55.100+02:00  INFO 19800 --- [time-recording-backend-test] [           main] o.s.o.j.p.SpringPersistenceUnitInfo      : No LoadTimeWeaver setup: ignoring JPA class transformer
2025-05-30T22:20:55.102+02:00  INFO 19800 --- [time-recording-backend-test] [           main] com.zaxxer.hikari.HikariDataSource       : HikariPool-2 - Starting...
2025-05-30T22:20:55.106+02:00  INFO 19800 --- [time-recording-backend-test] [           main] com.zaxxer.hikari.pool.HikariPool        : HikariPool-2 - Added connection conn10: url=jdbc:h2:mem:testdb user=SA
2025-05-30T22:20:55.108+02:00  INFO 19800 --- [time-recording-backend-test] [           main] com.zaxxer.hikari.HikariDataSource       : HikariPool-2 - Start completed.
2025-05-30T22:20:55.111+02:00  WARN 19800 --- [time-recording-backend-test] [           main] org.hibernate.orm.deprecation            : HHH90000025: H2Dialect does not need to be specified explicitly using 'hibernate.dialect' (remove the property setting and it will be selected by default)
2025-05-30T22:20:55.113+02:00  INFO 19800 --- [time-recording-backend-test] [           main] org.hibernate.orm.connections.pooling    : HHH10001005: Database info:
	Database JDBC URL [Connecting through datasource 'HikariDataSource (HikariPool-2)']
	Database driver: undefined/unknown
	Database version: 2.3.232
	Autocommit mode: undefined/unknown
	Isolation level: undefined/unknown
	Minimum pool size: undefined/unknown
	Maximum pool size: undefined/unknown
2025-05-30T22:20:55.482+02:00  INFO 19800 --- [time-recording-backend-test] [           main] o.h.e.t.j.p.i.JtaPlatformInitiator       : HHH000489: No JTA platform available (set 'hibernate.transaction.jta.platform' to enable JTA platform integration)
2025-05-30T22:20:55.562+02:00  INFO 19800 --- [time-recording-backend-test] [           main] j.LocalContainerEntityManagerFactoryBean : Initialized JPA EntityManagerFactory for persistence unit 'default'
2025-05-30T22:20:56.342+02:00  INFO 19800 --- [time-recording-backend-test] [           main] r$InitializeUserDetailsManagerConfigurer : Global AuthenticationManager configured with UserDetailsService bean with name userDetailsServiceImpl
2025-05-30T22:20:56.399+02:00  WARN 19800 --- [time-recording-backend-test] [           main] JpaBaseConfiguration$JpaWebConfiguration : spring.jpa.open-in-view is enabled by default. Therefore, database queries may be performed during view rendering. Explicitly configure spring.jpa.open-in-view to disable this warning
2025-05-30T22:20:56.444+02:00  INFO 19800 --- [time-recording-backend-test] [           main] o.s.b.a.w.s.WelcomePageHandlerMapping    : Adding welcome page: class path resource [static/index.html]
2025-05-30T22:20:56.707+02:00 DEBUG 19800 --- [time-recording-backend-test] [           main] o.s.s.web.DefaultSecurityFilterChain     : Will secure any request with filters: DisableEncodeUrlFilter, WebAsyncManagerIntegrationFilter, SecurityContextHolderFilter, HeaderWriterFilter, LogoutFilter, JwtAuthenticationFilter, RequestCacheAwareFilter, SecurityContextHolderAwareRequestFilter, AnonymousAuthenticationFilter, SessionManagementFilter, ExceptionTranslationFilter, AuthorizationFilter
2025-05-30T22:20:57.053+02:00  INFO 19800 --- [time-recording-backend-test] [           main] f.t.TimeRecordingBackendApplicationTests : Started TimeRecordingBackendApplicationTests in 2.636 seconds (process running for 24.584)
🚀 DataInitializer gestartet - Erstelle Initialdaten...
📋 Erstelle Standard-Rollen...
  ✓ Rolle erstellt: ADMIN
  ✓ Rolle erstellt: MANAGER
  ✓ Rolle erstellt: EMPLOYEE
👤 Erstelle Admin-Benutzer...
  ✓ Admin-Benutzer erstellt: admin@timerecording.ch (Passwort: admin123)
👥 Erstelle Beispiel-Benutzer...
  ✓ Manager erstellt: manager@timerecording.ch (Passwort: manager123)
  ✓ Mitarbeiter erstellt: anna.schmidt@timerecording.ch (Passwort: employee123, Manager: Max Manager)
  ✓ Mitarbeiter erstellt: peter.mueller@timerecording.ch (Manager: Max Manager)
  ✓ Mitarbeiter erstellt: laura.weber@timerecording.ch (Passwort: employee123)
  ✓ Mitarbeiter erstellt: thomas.fischer@timerecording.ch (Passwort: employee123)
📁 Erstelle Beispiel-Projekte...
  ✓ Projekt erstellt: Website Redesign
  ✓ Projekt erstellt: Mobile App Development
  ✓ Projekt erstellt: Database Migration
🏖️ Erstelle Beispiel-Abwesenheiten...
  ✓ Urlaub für Laura Weber erstellt (genehmigt)
  ✓ Fortbildung für Thomas Fischer erstellt (ausstehend)
  ✓ Home Office für Anna Schmidt erstellt (genehmigt)
  ✓ Sonderurlaub für Peter Müller erstellt (ausstehend)
✅ Initialdaten erfolgreich erstellt!
]]></system-out>
  </testcase>
</testsuite>