<?xml version="1.0" encoding="UTF-8"?>
<testsuite xmlns:xsi="http://www.w3.org/2001/XMLSchema-instance" xsi:noNamespaceSchemaLocation="https://maven.apache.org/surefire/maven-surefire-plugin/xsd/surefire-test-report.xsd" version="3.0.2" name="ch.fhnw.timerecordingbackend.systemtest.TimeRecordingSystemTest" time="14.378" tests="29" errors="0" skipped="0" failures="0">
  <properties>
[...]
</properties>
  <testcase name="testAdminLogin" classname="ch.fhnw.timerecordingbackend.systemtest.TimeRecordingSystemTest" time="1.451">
    <system-out><![CDATA[22:20:33.662 [main] INFO org.springframework.test.context.support.AnnotationConfigContextLoaderUtils -- Could not detect default configuration classes for test class [ch.fhnw.timerecordingbackend.systemtest.TimeRecordingSystemTest]: TimeRecordingSystemTest does not declare any static, non-private, non-final, nested classes annotated with @Configuration.
22:20:33.824 [main] INFO org.springframework.boot.test.context.SpringBootTestContextBootstrapper -- Found @SpringBootConfiguration ch.fhnw.timerecordingbackend.TimeRecordingBackendApplication for test class ch.fhnw.timerecordingbackend.systemtest.TimeRecordingSystemTest
22:20:33.964 [main] INFO org.springframework.boot.devtools.restart.RestartApplicationListener -- Restart disabled due to context in which it is running

  .   ____          _            __ _ _
 /\\ / ___'_ __ _ _(_)_ __  __ _ \ \ \ \
( ( )\___ | '_ | '_| | '_ \/ _` | \ \ \ \
 \\/  ___)| |_)| | | | | || (_| |  ) ) ) )
  '  |____| .__|_| |_|_| |_\__, | / / / /
 =========|_|==============|___/=/_/_/_/

 :: Spring Boot ::                (v3.4.4)

2025-05-30T22:20:34.465+02:00  INFO 19800 --- [time-recording-backend-test] [           main] c.f.t.s.TimeRecordingSystemTest          : Starting TimeRecordingSystemTest using Java 17.0.15 with PID 19800 (started by Furkan in /Users/Furkan/IdeaProjects/time-recording-backend)
2025-05-30T22:20:34.468+02:00  INFO 19800 --- [time-recording-backend-test] [           main] c.f.t.s.TimeRecordingSystemTest          : The following 1 profile is active: "test"
2025-05-30T22:20:35.750+02:00  INFO 19800 --- [time-recording-backend-test] [           main] .s.d.r.c.RepositoryConfigurationDelegate : Bootstrapping Spring Data JPA repositories in DEFAULT mode.
2025-05-30T22:20:35.892+02:00  INFO 19800 --- [time-recording-backend-test] [           main] .s.d.r.c.RepositoryConfigurationDelegate : Finished Spring Data repository scanning in 132 ms. Found 7 JPA repository interfaces.
2025-05-30T22:20:36.737+02:00  INFO 19800 --- [time-recording-backend-test] [           main] o.s.b.w.embedded.tomcat.TomcatWebServer  : Tomcat initialized with port 0 (http)
2025-05-30T22:20:36.746+02:00  INFO 19800 --- [time-recording-backend-test] [           main] o.apache.catalina.core.StandardService   : Starting service [Tomcat]
2025-05-30T22:20:36.746+02:00  INFO 19800 --- [time-recording-backend-test] [           main] o.apache.catalina.core.StandardEngine    : Starting Servlet engine: [Apache Tomcat/10.1.39]
2025-05-30T22:20:36.784+02:00  INFO 19800 --- [time-recording-backend-test] [           main] o.a.c.c.C.[Tomcat].[localhost].[/]       : Initializing Spring embedded WebApplicationContext
2025-05-30T22:20:36.785+02:00  INFO 19800 --- [time-recording-backend-test] [           main] w.s.c.ServletWebServerApplicationContext : Root WebApplicationContext: initialization completed in 2289 ms
2025-05-30T22:20:36.985+02:00  INFO 19800 --- [time-recording-backend-test] [           main] o.hibernate.jpa.internal.util.LogHelper  : HHH000204: Processing PersistenceUnitInfo [name: default]
2025-05-30T22:20:37.024+02:00  INFO 19800 --- [time-recording-backend-test] [           main] org.hibernate.Version                    : HHH000412: Hibernate ORM core version 6.6.11.Final
2025-05-30T22:20:37.049+02:00  INFO 19800 --- [time-recording-backend-test] [           main] o.h.c.internal.RegionFactoryInitiator    : HHH000026: Second-level cache disabled
2025-05-30T22:20:37.236+02:00  INFO 19800 --- [time-recording-backend-test] [           main] o.s.o.j.p.SpringPersistenceUnitInfo      : No LoadTimeWeaver setup: ignoring JPA class transformer
2025-05-30T22:20:37.266+02:00  INFO 19800 --- [time-recording-backend-test] [           main] com.zaxxer.hikari.HikariDataSource       : HikariPool-1 - Starting...
2025-05-30T22:20:37.442+02:00  INFO 19800 --- [time-recording-backend-test] [           main] com.zaxxer.hikari.pool.HikariPool        : HikariPool-1 - Added connection conn0: url=jdbc:h2:mem:testdb user=SA
2025-05-30T22:20:37.453+02:00  INFO 19800 --- [time-recording-backend-test] [           main] com.zaxxer.hikari.HikariDataSource       : HikariPool-1 - Start completed.
2025-05-30T22:20:37.509+02:00  WARN 19800 --- [time-recording-backend-test] [           main] org.hibernate.orm.deprecation            : HHH90000025: H2Dialect does not need to be specified explicitly using 'hibernate.dialect' (remove the property setting and it will be selected by default)
2025-05-30T22:20:37.543+02:00  INFO 19800 --- [time-recording-backend-test] [           main] org.hibernate.orm.connections.pooling    : HHH10001005: Database info:
	Database JDBC URL [Connecting through datasource 'HikariDataSource (HikariPool-1)']
	Database driver: undefined/unknown
	Database version: 2.3.232
	Autocommit mode: undefined/unknown
	Isolation level: undefined/unknown
	Minimum pool size: undefined/unknown
	Maximum pool size: undefined/unknown
2025-05-30T22:20:38.749+02:00  INFO 19800 --- [time-recording-backend-test] [           main] o.h.e.t.j.p.i.JtaPlatformInitiator       : HHH000489: No JTA platform available (set 'hibernate.transaction.jta.platform' to enable JTA platform integration)
2025-05-30T22:20:38.819+02:00  INFO 19800 --- [time-recording-backend-test] [           main] j.LocalContainerEntityManagerFactoryBean : Initialized JPA EntityManagerFactory for persistence unit 'default'
2025-05-30T22:20:39.148+02:00  INFO 19800 --- [time-recording-backend-test] [           main] o.s.d.j.r.query.QueryEnhancerFactory     : Hibernate is in classpath; If applicable, HQL parser will be used.
2025-05-30T22:20:40.796+02:00  INFO 19800 --- [time-recording-backend-test] [           main] r$InitializeUserDetailsManagerConfigurer : Global AuthenticationManager configured with UserDetailsService bean with name userDetailsServiceImpl
2025-05-30T22:20:40.916+02:00  WARN 19800 --- [time-recording-backend-test] [           main] JpaBaseConfiguration$JpaWebConfiguration : spring.jpa.open-in-view is enabled by default. Therefore, database queries may be performed during view rendering. Explicitly configure spring.jpa.open-in-view to disable this warning
2025-05-30T22:20:41.005+02:00  INFO 19800 --- [time-recording-backend-test] [           main] o.s.b.a.w.s.WelcomePageHandlerMapping    : Adding welcome page: class path resource [static/index.html]
2025-05-30T22:20:41.420+02:00 DEBUG 19800 --- [time-recording-backend-test] [           main] o.s.s.web.DefaultSecurityFilterChain     : Will secure any request with filters: DisableEncodeUrlFilter, WebAsyncManagerIntegrationFilter, SecurityContextHolderFilter, HeaderWriterFilter, LogoutFilter, JwtAuthenticationFilter, RequestCacheAwareFilter, SecurityContextHolderAwareRequestFilter, AnonymousAuthenticationFilter, SessionManagementFilter, ExceptionTranslationFilter, AuthorizationFilter
2025-05-30T22:20:41.976+02:00  INFO 19800 --- [time-recording-backend-test] [           main] o.s.b.w.embedded.tomcat.TomcatWebServer  : Tomcat started on port 49160 (http) with context path '/'
2025-05-30T22:20:41.995+02:00  INFO 19800 --- [time-recording-backend-test] [           main] c.f.t.s.TimeRecordingSystemTest          : Started TimeRecordingSystemTest in 8.037 seconds (process running for 9.526)
Initialisiere Testdaten für Systemtests...
  ✓ Admin-Rolle erstellt
  ✓ Manager-Rolle erstellt
  ✓ Employee-Rolle erstellt
  ✓ Admin-Benutzer erstellt: admin@timerecording.ch
  ✓ Manager-Benutzer erstellt: manager@timerecording.ch
  ✓ Employee-Benutzer erstellt: anna.schmidt@timerecording.ch
Testdaten erfolgreich erstellt!
2025-05-30T22:20:43.461+02:00  INFO 19800 --- [time-recording-backend-test] [o-auto-1-exec-1] o.a.c.c.C.[Tomcat].[localhost].[/]       : Initializing Spring DispatcherServlet 'dispatcherServlet'
2025-05-30T22:20:43.463+02:00  INFO 19800 --- [time-recording-backend-test] [o-auto-1-exec-1] o.s.web.servlet.DispatcherServlet        : Initializing Servlet 'dispatcherServlet'
2025-05-30T22:20:43.469+02:00  INFO 19800 --- [time-recording-backend-test] [o-auto-1-exec-1] o.s.web.servlet.DispatcherServlet        : Completed initialization in 6 ms
2025-05-30T22:20:43.483+02:00 DEBUG 19800 --- [time-recording-backend-test] [o-auto-1-exec-1] o.s.security.web.FilterChainProxy        : Securing POST /api/auth/login
2025-05-30T22:20:43.489+02:00 DEBUG 19800 --- [time-recording-backend-test] [o-auto-1-exec-1] o.s.s.w.a.AnonymousAuthenticationFilter  : Set SecurityContextHolder to anonymous SecurityContext
2025-05-30T22:20:43.492+02:00 DEBUG 19800 --- [time-recording-backend-test] [o-auto-1-exec-1] o.s.security.web.FilterChainProxy        : Secured POST /api/auth/login
2025-05-30T22:20:43.603+02:00  INFO 19800 --- [time-recording-backend-test] [o-auto-1-exec-1] c.f.t.service.AuthServiceImpl            : Login-Versuch für: admin@timerecording.ch
2025-05-30T22:20:43.614+02:00  INFO 19800 --- [time-recording-backend-test] [o-auto-1-exec-1] c.f.t.service.AuthServiceImpl            : 🔍 Benutzer gefunden: admin@timerecording.ch mit 1 Rollen
2025-05-30T22:20:43.756+02:00 DEBUG 19800 --- [time-recording-backend-test] [o-auto-1-exec-1] o.s.s.a.dao.DaoAuthenticationProvider    : Authenticated user
2025-05-30T22:20:43.804+02:00  INFO 19800 --- [time-recording-backend-test] [o-auto-1-exec-1] c.f.t.service.AuthServiceImpl            : 🔍 Alle Rollen für admin@timerecording.ch: [ADMIN]
2025-05-30T22:20:43.805+02:00  INFO 19800 --- [time-recording-backend-test] [o-auto-1-exec-1] c.f.t.service.AuthServiceImpl            : ✅ Login erfolgreich für: admin@timerecording.ch mit Rollen: [ADMIN]
Admin Login erfolgreich
]]></system-out>
  </testcase>
  <testcase name="testManagerLogin" classname="ch.fhnw.timerecordingbackend.systemtest.TimeRecordingSystemTest" time="0.103">
    <system-out><![CDATA[2025-05-30T22:20:43.901+02:00 DEBUG 19800 --- [time-recording-backend-test] [o-auto-1-exec-2] o.s.security.web.FilterChainProxy        : Securing POST /api/auth/login
2025-05-30T22:20:43.902+02:00 DEBUG 19800 --- [time-recording-backend-test] [o-auto-1-exec-2] o.s.s.w.a.AnonymousAuthenticationFilter  : Set SecurityContextHolder to anonymous SecurityContext
2025-05-30T22:20:43.902+02:00 DEBUG 19800 --- [time-recording-backend-test] [o-auto-1-exec-2] o.s.security.web.FilterChainProxy        : Secured POST /api/auth/login
2025-05-30T22:20:43.904+02:00  INFO 19800 --- [time-recording-backend-test] [o-auto-1-exec-2] c.f.t.service.AuthServiceImpl            : Login-Versuch für: manager@timerecording.ch
2025-05-30T22:20:43.908+02:00  INFO 19800 --- [time-recording-backend-test] [o-auto-1-exec-2] c.f.t.service.AuthServiceImpl            : 🔍 Benutzer gefunden: manager@timerecording.ch mit 1 Rollen
2025-05-30T22:20:43.974+02:00 DEBUG 19800 --- [time-recording-backend-test] [o-auto-1-exec-2] o.s.s.a.dao.DaoAuthenticationProvider    : Authenticated user
2025-05-30T22:20:43.981+02:00  INFO 19800 --- [time-recording-backend-test] [o-auto-1-exec-2] c.f.t.service.AuthServiceImpl            : 🔍 Alle Rollen für manager@timerecording.ch: [MANAGER]
2025-05-30T22:20:43.982+02:00  INFO 19800 --- [time-recording-backend-test] [o-auto-1-exec-2] c.f.t.service.AuthServiceImpl            : ✅ Login erfolgreich für: manager@timerecording.ch mit Rollen: [MANAGER]
Manager Login erfolgreich
]]></system-out>
  </testcase>
  <testcase name="testEmployeeLogin" classname="ch.fhnw.timerecordingbackend.systemtest.TimeRecordingSystemTest" time="0.094">
    <system-out><![CDATA[2025-05-30T22:20:43.998+02:00 DEBUG 19800 --- [time-recording-backend-test] [o-auto-1-exec-3] o.s.security.web.FilterChainProxy        : Securing POST /api/auth/login
2025-05-30T22:20:43.998+02:00 DEBUG 19800 --- [time-recording-backend-test] [o-auto-1-exec-3] o.s.s.w.a.AnonymousAuthenticationFilter  : Set SecurityContextHolder to anonymous SecurityContext
2025-05-30T22:20:43.998+02:00 DEBUG 19800 --- [time-recording-backend-test] [o-auto-1-exec-3] o.s.security.web.FilterChainProxy        : Secured POST /api/auth/login
2025-05-30T22:20:44.000+02:00  INFO 19800 --- [time-recording-backend-test] [o-auto-1-exec-3] c.f.t.service.AuthServiceImpl            : Login-Versuch für: anna.schmidt@timerecording.ch
2025-05-30T22:20:44.008+02:00  INFO 19800 --- [time-recording-backend-test] [o-auto-1-exec-3] c.f.t.service.AuthServiceImpl            : 🔍 Benutzer gefunden: anna.schmidt@timerecording.ch mit 1 Rollen
2025-05-30T22:20:44.073+02:00 DEBUG 19800 --- [time-recording-backend-test] [o-auto-1-exec-3] o.s.s.a.dao.DaoAuthenticationProvider    : Authenticated user
2025-05-30T22:20:44.075+02:00  INFO 19800 --- [time-recording-backend-test] [o-auto-1-exec-3] c.f.t.service.AuthServiceImpl            : 🔍 Alle Rollen für anna.schmidt@timerecording.ch: [EMPLOYEE]
2025-05-30T22:20:44.075+02:00  INFO 19800 --- [time-recording-backend-test] [o-auto-1-exec-3] c.f.t.service.AuthServiceImpl            : ✅ Login erfolgreich für: anna.schmidt@timerecording.ch mit Rollen: [EMPLOYEE]
Employee Login erfolgreich
]]></system-out>
  </testcase>
  <testcase name="testInvalidLogin" classname="ch.fhnw.timerecordingbackend.systemtest.TimeRecordingSystemTest" time="0.025">
    <system-out><![CDATA[2025-05-30T22:20:44.099+02:00 DEBUG 19800 --- [time-recording-backend-test] [o-auto-1-exec-4] o.s.security.web.FilterChainProxy        : Securing POST /api/auth/login
2025-05-30T22:20:44.099+02:00 DEBUG 19800 --- [time-recording-backend-test] [o-auto-1-exec-4] o.s.s.w.a.AnonymousAuthenticationFilter  : Set SecurityContextHolder to anonymous SecurityContext
2025-05-30T22:20:44.099+02:00 DEBUG 19800 --- [time-recording-backend-test] [o-auto-1-exec-4] o.s.security.web.FilterChainProxy        : Secured POST /api/auth/login
2025-05-30T22:20:44.101+02:00  INFO 19800 --- [time-recording-backend-test] [o-auto-1-exec-4] c.f.t.service.AuthServiceImpl            : Login-Versuch für: invalid@test.com
Invalid Login korrekt abgelehnt
]]></system-out>
  </testcase>
  <testcase name="testCreateUser" classname="ch.fhnw.timerecordingbackend.systemtest.TimeRecordingSystemTest" time="0.188">
    <system-out><![CDATA[2025-05-30T22:20:44.138+02:00 DEBUG 19800 --- [time-recording-backend-test] [o-auto-1-exec-5] o.s.security.web.FilterChainProxy        : Securing POST /api/admin/users
2025-05-30T22:20:44.157+02:00 DEBUG 19800 --- [time-recording-backend-test] [o-auto-1-exec-5] o.s.security.web.FilterChainProxy        : Secured POST /api/admin/users
2025-05-30T22:20:44.192+02:00 DEBUG 19800 --- [time-recording-backend-test] [o-auto-1-exec-5] horizationManagerBeforeMethodInterceptor : Authorizing method invocation ReflectiveMethodInvocation: public org.springframework.http.ResponseEntity ch.fhnw.timerecordingbackend.controller.AdminController.createUser(ch.fhnw.timerecordingbackend.dto.admin.UserRegistrationRequest); target is of class [ch.fhnw.timerecordingbackend.controller.AdminController]
2025-05-30T22:20:44.220+02:00 DEBUG 19800 --- [time-recording-backend-test] [o-auto-1-exec-5] horizationManagerBeforeMethodInterceptor : Authorized method invocation ReflectiveMethodInvocation: public org.springframework.http.ResponseEntity ch.fhnw.timerecordingbackend.controller.AdminController.createUser(ch.fhnw.timerecordingbackend.dto.admin.UserRegistrationRequest); target is of class [ch.fhnw.timerecordingbackend.controller.AdminController]
2025-05-30T22:20:44.287+02:00  INFO 19800 --- [time-recording-backend-test] [o-auto-1-exec-5] c.f.t.service.UserServiceImpl            : Benutzer test.user@timerecording.ch wird ohne direkten Manager erstellt.
Neuer User erstellt mit ID: 4
]]></system-out>
  </testcase>
  <testcase name="testGetAllUsers" classname="ch.fhnw.timerecordingbackend.systemtest.TimeRecordingSystemTest" time="0.048">
    <system-out><![CDATA[2025-05-30T22:20:44.318+02:00 DEBUG 19800 --- [time-recording-backend-test] [o-auto-1-exec-6] o.s.security.web.FilterChainProxy        : Securing GET /api/admin/users
2025-05-30T22:20:44.330+02:00 DEBUG 19800 --- [time-recording-backend-test] [o-auto-1-exec-6] o.s.security.web.FilterChainProxy        : Secured GET /api/admin/users
2025-05-30T22:20:44.332+02:00 DEBUG 19800 --- [time-recording-backend-test] [o-auto-1-exec-6] horizationManagerBeforeMethodInterceptor : Authorizing method invocation ReflectiveMethodInvocation: public org.springframework.http.ResponseEntity ch.fhnw.timerecordingbackend.controller.AdminController.getAllUsers(); target is of class [ch.fhnw.timerecordingbackend.controller.AdminController]
2025-05-30T22:20:44.334+02:00 DEBUG 19800 --- [time-recording-backend-test] [o-auto-1-exec-6] horizationManagerBeforeMethodInterceptor : Authorized method invocation ReflectiveMethodInvocation: public org.springframework.http.ResponseEntity ch.fhnw.timerecordingbackend.controller.AdminController.getAllUsers(); target is of class [ch.fhnw.timerecordingbackend.controller.AdminController]
User-Liste abgerufen: 4 Users
]]></system-out>
  </testcase>
  <testcase name="testUpdateUserStatus" classname="ch.fhnw.timerecordingbackend.systemtest.TimeRecordingSystemTest" time="0.062">
    <system-out><![CDATA[2025-05-30T22:20:44.365+02:00 DEBUG 19800 --- [time-recording-backend-test] [o-auto-1-exec-7] o.s.security.web.FilterChainProxy        : Securing PATCH /api/admin/users/4/status?status=INACTIVE
2025-05-30T22:20:44.382+02:00 DEBUG 19800 --- [time-recording-backend-test] [o-auto-1-exec-7] o.s.security.web.FilterChainProxy        : Secured PATCH /api/admin/users/4/status?status=INACTIVE
2025-05-30T22:20:44.388+02:00 DEBUG 19800 --- [time-recording-backend-test] [o-auto-1-exec-7] horizationManagerBeforeMethodInterceptor : Authorizing method invocation ReflectiveMethodInvocation: public org.springframework.http.ResponseEntity ch.fhnw.timerecordingbackend.controller.AdminController.changeUserStatus(java.lang.Long,ch.fhnw.timerecordingbackend.model.enums.UserStatus); target is of class [ch.fhnw.timerecordingbackend.controller.AdminController]
2025-05-30T22:20:44.389+02:00 DEBUG 19800 --- [time-recording-backend-test] [o-auto-1-exec-7] horizationManagerBeforeMethodInterceptor : Authorized method invocation ReflectiveMethodInvocation: public org.springframework.http.ResponseEntity ch.fhnw.timerecordingbackend.controller.AdminController.changeUserStatus(java.lang.Long,ch.fhnw.timerecordingbackend.model.enums.UserStatus); target is of class [ch.fhnw.timerecordingbackend.controller.AdminController]
User Status erfolgreich geändert
]]></system-out>
  </testcase>
  <testcase name="testSubmitRegistrationRequest" classname="ch.fhnw.timerecordingbackend.systemtest.TimeRecordingSystemTest" time="0.037">
    <system-out><![CDATA[2025-05-30T22:20:44.430+02:00 DEBUG 19800 --- [time-recording-backend-test] [o-auto-1-exec-8] o.s.security.web.FilterChainProxy        : Securing POST /api/public/registration-requests
2025-05-30T22:20:44.430+02:00 DEBUG 19800 --- [time-recording-backend-test] [o-auto-1-exec-8] o.s.s.w.a.AnonymousAuthenticationFilter  : Set SecurityContextHolder to anonymous SecurityContext
2025-05-30T22:20:44.430+02:00 DEBUG 19800 --- [time-recording-backend-test] [o-auto-1-exec-8] o.s.security.web.FilterChainProxy        : Secured POST /api/public/registration-requests
Registrierungsanfrage eingereicht
]]></system-out>
  </testcase>
  <testcase name="testGetPendingRegistrationRequests" classname="ch.fhnw.timerecordingbackend.systemtest.TimeRecordingSystemTest" time="0.036">
    <system-out><![CDATA[2025-05-30T22:20:44.470+02:00 DEBUG 19800 --- [time-recording-backend-test] [o-auto-1-exec-9] o.s.security.web.FilterChainProxy        : Securing GET /api/admin/registration-requests/pending
2025-05-30T22:20:44.485+02:00 DEBUG 19800 --- [time-recording-backend-test] [o-auto-1-exec-9] o.s.security.web.FilterChainProxy        : Secured GET /api/admin/registration-requests/pending
2025-05-30T22:20:44.487+02:00 DEBUG 19800 --- [time-recording-backend-test] [o-auto-1-exec-9] horizationManagerBeforeMethodInterceptor : Authorizing method invocation ReflectiveMethodInvocation: public org.springframework.http.ResponseEntity ch.fhnw.timerecordingbackend.controller.AdminController.getPendingRegistrationRequests(); target is of class [ch.fhnw.timerecordingbackend.controller.AdminController]
2025-05-30T22:20:44.489+02:00 DEBUG 19800 --- [time-recording-backend-test] [o-auto-1-exec-9] horizationManagerBeforeMethodInterceptor : Authorized method invocation ReflectiveMethodInvocation: public org.springframework.http.ResponseEntity ch.fhnw.timerecordingbackend.controller.AdminController.getPendingRegistrationRequests(); target is of class [ch.fhnw.timerecordingbackend.controller.AdminController]
Pending Registration Requests abgerufen: 1
]]></system-out>
  </testcase>
  <testcase name="testCreateProject" classname="ch.fhnw.timerecordingbackend.systemtest.TimeRecordingSystemTest" time="0.039">
    <system-out><![CDATA[2025-05-30T22:20:44.508+02:00 DEBUG 19800 --- [time-recording-backend-test] [-auto-1-exec-10] o.s.security.web.FilterChainProxy        : Securing POST /api/projects
2025-05-30T22:20:44.515+02:00 DEBUG 19800 --- [time-recording-backend-test] [-auto-1-exec-10] o.s.security.web.FilterChainProxy        : Secured POST /api/projects
2025-05-30T22:20:44.521+02:00 DEBUG 19800 --- [time-recording-backend-test] [-auto-1-exec-10] horizationManagerBeforeMethodInterceptor : Authorizing method invocation ReflectiveMethodInvocation: public org.springframework.http.ResponseEntity ch.fhnw.timerecordingbackend.controller.ProjectController.createProject(ch.fhnw.timerecordingbackend.dto.project.ProjectRequest); target is of class [ch.fhnw.timerecordingbackend.controller.ProjectController]
2025-05-30T22:20:44.521+02:00 DEBUG 19800 --- [time-recording-backend-test] [-auto-1-exec-10] horizationManagerBeforeMethodInterceptor : Authorized method invocation ReflectiveMethodInvocation: public org.springframework.http.ResponseEntity ch.fhnw.timerecordingbackend.controller.ProjectController.createProject(ch.fhnw.timerecordingbackend.dto.project.ProjectRequest); target is of class [ch.fhnw.timerecordingbackend.controller.ProjectController]
Projekt erstellt mit ID: 1
]]></system-out>
  </testcase>
  <testcase name="testUpdateProjectStatus" classname="ch.fhnw.timerecordingbackend.systemtest.TimeRecordingSystemTest" time="0.061">
    <system-out><![CDATA[2025-05-30T22:20:44.546+02:00 DEBUG 19800 --- [time-recording-backend-test] [o-auto-1-exec-1] o.s.security.web.FilterChainProxy        : Securing PATCH /api/projects/1/deactivate
2025-05-30T22:20:44.558+02:00 DEBUG 19800 --- [time-recording-backend-test] [o-auto-1-exec-1] o.s.security.web.FilterChainProxy        : Secured PATCH /api/projects/1/deactivate
2025-05-30T22:20:44.561+02:00 DEBUG 19800 --- [time-recording-backend-test] [o-auto-1-exec-1] horizationManagerBeforeMethodInterceptor : Authorizing method invocation ReflectiveMethodInvocation: public org.springframework.http.ResponseEntity ch.fhnw.timerecordingbackend.controller.ProjectController.deactivateProject(java.lang.Long); target is of class [ch.fhnw.timerecordingbackend.controller.ProjectController]
2025-05-30T22:20:44.562+02:00 DEBUG 19800 --- [time-recording-backend-test] [o-auto-1-exec-1] horizationManagerBeforeMethodInterceptor : Authorized method invocation ReflectiveMethodInvocation: public org.springframework.http.ResponseEntity ch.fhnw.timerecordingbackend.controller.ProjectController.deactivateProject(java.lang.Long); target is of class [ch.fhnw.timerecordingbackend.controller.ProjectController]
Projekt deaktiviert
2025-05-30T22:20:44.577+02:00 DEBUG 19800 --- [time-recording-backend-test] [o-auto-1-exec-2] o.s.security.web.FilterChainProxy        : Securing PATCH /api/projects/1/activate
2025-05-30T22:20:44.587+02:00 DEBUG 19800 --- [time-recording-backend-test] [o-auto-1-exec-2] o.s.security.web.FilterChainProxy        : Secured PATCH /api/projects/1/activate
2025-05-30T22:20:44.588+02:00 DEBUG 19800 --- [time-recording-backend-test] [o-auto-1-exec-2] horizationManagerBeforeMethodInterceptor : Authorizing method invocation ReflectiveMethodInvocation: public org.springframework.http.ResponseEntity ch.fhnw.timerecordingbackend.controller.ProjectController.activateProject(java.lang.Long); target is of class [ch.fhnw.timerecordingbackend.controller.ProjectController]
2025-05-30T22:20:44.589+02:00 DEBUG 19800 --- [time-recording-backend-test] [o-auto-1-exec-2] horizationManagerBeforeMethodInterceptor : Authorized method invocation ReflectiveMethodInvocation: public org.springframework.http.ResponseEntity ch.fhnw.timerecordingbackend.controller.ProjectController.activateProject(java.lang.Long); target is of class [ch.fhnw.timerecordingbackend.controller.ProjectController]
Projekt wieder aktiviert
]]></system-out>
  </testcase>
  <testcase name="testCreateTimeEntry" classname="ch.fhnw.timerecordingbackend.systemtest.TimeRecordingSystemTest" time="0.096">
    <system-out><![CDATA[2025-05-30T22:20:44.615+02:00 DEBUG 19800 --- [time-recording-backend-test] [o-auto-1-exec-3] o.s.security.web.FilterChainProxy        : Securing POST /api/time-entries
2025-05-30T22:20:44.628+02:00 DEBUG 19800 --- [time-recording-backend-test] [o-auto-1-exec-3] o.s.security.web.FilterChainProxy        : Secured POST /api/time-entries
Zeiteintrag erstellt mit ID: 1
]]></system-out>
  </testcase>
  <testcase name="testGetTimeEntries" classname="ch.fhnw.timerecordingbackend.systemtest.TimeRecordingSystemTest" time="0.054">
    <system-out><![CDATA[2025-05-30T22:20:44.710+02:00 DEBUG 19800 --- [time-recording-backend-test] [o-auto-1-exec-4] o.s.security.web.FilterChainProxy        : Securing GET /api/time-entries
2025-05-30T22:20:44.722+02:00 DEBUG 19800 --- [time-recording-backend-test] [o-auto-1-exec-4] o.s.security.web.FilterChainProxy        : Secured GET /api/time-entries
Zeiteinträge abgerufen: 1
]]></system-out>
  </testcase>
  <testcase name="testTimeTracking" classname="ch.fhnw.timerecordingbackend.systemtest.TimeRecordingSystemTest" time="2.096">
    <system-out><![CDATA[2025-05-30T22:20:44.762+02:00 DEBUG 19800 --- [time-recording-backend-test] [o-auto-1-exec-5] o.s.security.web.FilterChainProxy        : Securing POST /api/time-entries/start
2025-05-30T22:20:44.770+02:00 DEBUG 19800 --- [time-recording-backend-test] [o-auto-1-exec-5] o.s.security.web.FilterChainProxy        : Secured POST /api/time-entries/start
Zeiterfassung gestartet mit Entry ID: 2
2025-05-30T22:20:46.803+02:00 DEBUG 19800 --- [time-recording-backend-test] [o-auto-1-exec-6] o.s.security.web.FilterChainProxy        : Securing POST /api/time-entries/2/stop
2025-05-30T22:20:46.819+02:00 DEBUG 19800 --- [time-recording-backend-test] [o-auto-1-exec-6] o.s.security.web.FilterChainProxy        : Secured POST /api/time-entries/2/stop
Zeiterfassung gestoppt
]]></system-out>
  </testcase>
  <testcase name="testUpdateTimeEntry" classname="ch.fhnw.timerecordingbackend.systemtest.TimeRecordingSystemTest" time="0.038">
    <system-out><![CDATA[2025-05-30T22:20:46.862+02:00 DEBUG 19800 --- [time-recording-backend-test] [o-auto-1-exec-7] o.s.security.web.FilterChainProxy        : Securing PUT /api/time-entries/1
2025-05-30T22:20:46.872+02:00 DEBUG 19800 --- [time-recording-backend-test] [o-auto-1-exec-7] o.s.security.web.FilterChainProxy        : Secured PUT /api/time-entries/1
Zeiteintrag aktualisiert
]]></system-out>
  </testcase>
  <testcase name="testCreateAbsenceRequest" classname="ch.fhnw.timerecordingbackend.systemtest.TimeRecordingSystemTest" time="0.062">
    <system-out><![CDATA[2025-05-30T22:20:46.901+02:00 DEBUG 19800 --- [time-recording-backend-test] [o-auto-1-exec-8] o.s.security.web.FilterChainProxy        : Securing POST /api/absences
2025-05-30T22:20:46.913+02:00 DEBUG 19800 --- [time-recording-backend-test] [o-auto-1-exec-8] o.s.security.web.FilterChainProxy        : Secured POST /api/absences
Abwesenheitsantrag erstellt mit ID: 1
]]></system-out>
  </testcase>
  <testcase name="testGetUserAbsences" classname="ch.fhnw.timerecordingbackend.systemtest.TimeRecordingSystemTest" time="0.029">
    <system-out><![CDATA[2025-05-30T22:20:46.961+02:00 DEBUG 19800 --- [time-recording-backend-test] [o-auto-1-exec-9] o.s.security.web.FilterChainProxy        : Securing GET /api/absences
2025-05-30T22:20:46.968+02:00 DEBUG 19800 --- [time-recording-backend-test] [o-auto-1-exec-9] o.s.security.web.FilterChainProxy        : Secured GET /api/absences
Abwesenheiten abgerufen: 1
]]></system-out>
  </testcase>
  <testcase name="testGetPendingAbsences" classname="ch.fhnw.timerecordingbackend.systemtest.TimeRecordingSystemTest" time="0.079">
    <system-out><![CDATA[2025-05-30T22:20:46.991+02:00 DEBUG 19800 --- [time-recording-backend-test] [-auto-1-exec-10] o.s.security.web.FilterChainProxy        : Securing GET /api/absences/pending
2025-05-30T22:20:47.001+02:00 DEBUG 19800 --- [time-recording-backend-test] [-auto-1-exec-10] o.s.security.web.FilterChainProxy        : Secured GET /api/absences/pending
2025-05-30T22:20:47.001+02:00 DEBUG 19800 --- [time-recording-backend-test] [-auto-1-exec-10] horizationManagerBeforeMethodInterceptor : Authorizing method invocation ReflectiveMethodInvocation: public org.springframework.http.ResponseEntity ch.fhnw.timerecordingbackend.controller.AbsenceController.getPendingAbsences(); target is of class [ch.fhnw.timerecordingbackend.controller.AbsenceController]
2025-05-30T22:20:47.040+02:00 DEBUG 19800 --- [time-recording-backend-test] [-auto-1-exec-10] horizationManagerBeforeMethodInterceptor : Authorized method invocation ReflectiveMethodInvocation: public org.springframework.http.ResponseEntity ch.fhnw.timerecordingbackend.controller.AbsenceController.getPendingAbsences(); target is of class [ch.fhnw.timerecordingbackend.controller.AbsenceController]
Ausstehende Abwesenheiten abgerufen (Manager)
]]></system-out>
  </testcase>
  <testcase name="testApproveAbsence" classname="ch.fhnw.timerecordingbackend.systemtest.TimeRecordingSystemTest" time="0.042">
    <system-out><![CDATA[2025-05-30T22:20:47.079+02:00 DEBUG 19800 --- [time-recording-backend-test] [o-auto-1-exec-1] o.s.security.web.FilterChainProxy        : Securing PATCH /api/absences/1/approve
2025-05-30T22:20:47.089+02:00 DEBUG 19800 --- [time-recording-backend-test] [o-auto-1-exec-1] o.s.security.web.FilterChainProxy        : Secured PATCH /api/absences/1/approve
2025-05-30T22:20:47.090+02:00 DEBUG 19800 --- [time-recording-backend-test] [o-auto-1-exec-1] horizationManagerBeforeMethodInterceptor : Authorizing method invocation ReflectiveMethodInvocation: public org.springframework.http.ResponseEntity ch.fhnw.timerecordingbackend.controller.AbsenceController.approveAbsence(java.lang.Long); target is of class [ch.fhnw.timerecordingbackend.controller.AbsenceController]
2025-05-30T22:20:47.092+02:00 DEBUG 19800 --- [time-recording-backend-test] [o-auto-1-exec-1] horizationManagerBeforeMethodInterceptor : Authorized method invocation ReflectiveMethodInvocation: public org.springframework.http.ResponseEntity ch.fhnw.timerecordingbackend.controller.AbsenceController.approveAbsence(java.lang.Long); target is of class [ch.fhnw.timerecordingbackend.controller.AbsenceController]
Abwesenheit genehmigt (Manager)
]]></system-out>
  </testcase>
  <testcase name="testUpdateAbsence" classname="ch.fhnw.timerecordingbackend.systemtest.TimeRecordingSystemTest" time="0.037">
    <system-out><![CDATA[2025-05-30T22:20:47.119+02:00 DEBUG 19800 --- [time-recording-backend-test] [o-auto-1-exec-2] o.s.security.web.FilterChainProxy        : Securing PUT /api/absences/1
2025-05-30T22:20:47.127+02:00 DEBUG 19800 --- [time-recording-backend-test] [o-auto-1-exec-2] o.s.security.web.FilterChainProxy        : Secured PUT /api/absences/1
2025-05-30T22:20:47.129+02:00 DEBUG 19800 --- [time-recording-backend-test] [o-auto-1-exec-2] horizationManagerBeforeMethodInterceptor : Authorizing method invocation ReflectiveMethodInvocation: public org.springframework.http.ResponseEntity ch.fhnw.timerecordingbackend.controller.AbsenceController.updateAbsence(java.lang.Long,ch.fhnw.timerecordingbackend.dto.absence.AbsenceRequest); target is of class [ch.fhnw.timerecordingbackend.controller.AbsenceController]
2025-05-30T22:20:47.137+02:00 DEBUG 19800 --- [time-recording-backend-test] [o-auto-1-exec-2] horizationManagerBeforeMethodInterceptor : Authorized method invocation ReflectiveMethodInvocation: public org.springframework.http.ResponseEntity ch.fhnw.timerecordingbackend.controller.AbsenceController.updateAbsence(java.lang.Long,ch.fhnw.timerecordingbackend.dto.absence.AbsenceRequest); target is of class [ch.fhnw.timerecordingbackend.controller.AbsenceController]
Update genehmigter Abwesenheit korrekt verhindert
]]></system-out>
  </testcase>
  <testcase name="testChangePassword" classname="ch.fhnw.timerecordingbackend.systemtest.TimeRecordingSystemTest" time="0.169">
    <system-out><![CDATA[2025-05-30T22:20:47.161+02:00 DEBUG 19800 --- [time-recording-backend-test] [o-auto-1-exec-3] o.s.security.web.FilterChainProxy        : Securing PUT /api/users/change-password
2025-05-30T22:20:47.168+02:00 DEBUG 19800 --- [time-recording-backend-test] [o-auto-1-exec-3] o.s.security.web.FilterChainProxy        : Secured PUT /api/users/change-password
Passwort erfolgreich geändert
]]></system-out>
  </testcase>
  <testcase name="testResetPassword" classname="ch.fhnw.timerecordingbackend.systemtest.TimeRecordingSystemTest" time="0.099">
    <system-out><![CDATA[2025-05-30T22:20:47.329+02:00 DEBUG 19800 --- [time-recording-backend-test] [o-auto-1-exec-4] o.s.security.web.FilterChainProxy        : Securing POST /api/admin/users/4/reset-password
2025-05-30T22:20:47.336+02:00 DEBUG 19800 --- [time-recording-backend-test] [o-auto-1-exec-4] o.s.security.web.FilterChainProxy        : Secured POST /api/admin/users/4/reset-password
2025-05-30T22:20:47.337+02:00 DEBUG 19800 --- [time-recording-backend-test] [o-auto-1-exec-4] horizationManagerBeforeMethodInterceptor : Authorizing method invocation ReflectiveMethodInvocation: public org.springframework.http.ResponseEntity ch.fhnw.timerecordingbackend.controller.AdminController.resetUserPassword(java.lang.Long); target is of class [ch.fhnw.timerecordingbackend.controller.AdminController]
2025-05-30T22:20:47.337+02:00 DEBUG 19800 --- [time-recording-backend-test] [o-auto-1-exec-4] horizationManagerBeforeMethodInterceptor : Authorized method invocation ReflectiveMethodInvocation: public org.springframework.http.ResponseEntity ch.fhnw.timerecordingbackend.controller.AdminController.resetUserPassword(java.lang.Long); target is of class [ch.fhnw.timerecordingbackend.controller.AdminController]
DEBUG UserServiceImpl: ----- Start Log-Suche für Passwort-Reset-Anfrage (Workaround) -----
DEBUG UserServiceImpl: Suche für userId = 4
DEBUG UserServiceImpl: Suche nach action = "Passwort Reset angefordert" und Status IS NULL oder PENDING
DEBUG UserServiceImpl: Kein Log mit Status NULL gefunden für Action "Passwort Reset angefordert". Suche nach Status PENDING.
DEBUG UserServiceImpl: FEHLER (Workaround): Kein passender SystemLog (Status NULL oder PENDING) mit Action 'Passwort Reset angefordert' für User ID 4 gefunden.
DEBUG UserServiceImpl (Workaround): Auch KEINE Logs für userId 4 und Action 'Passwort Reset angefordert' (unabhängig vom Status) gefunden.
DEBUG UserServiceImpl: ----- Ende Log-Suche (Workaround) -----
Passwort zurückgesetzt (Admin
]]></system-out>
  </testcase>
  <testcase name="testCreateBackup" classname="ch.fhnw.timerecordingbackend.systemtest.TimeRecordingSystemTest" time="0.068">
    <system-out><![CDATA[2025-05-30T22:20:47.426+02:00 DEBUG 19800 --- [time-recording-backend-test] [o-auto-1-exec-5] o.s.security.web.FilterChainProxy        : Securing POST /api/admin/backups/create
2025-05-30T22:20:47.433+02:00 DEBUG 19800 --- [time-recording-backend-test] [o-auto-1-exec-5] o.s.security.web.FilterChainProxy        : Secured POST /api/admin/backups/create
2025-05-30T22:20:47.434+02:00 DEBUG 19800 --- [time-recording-backend-test] [o-auto-1-exec-5] horizationManagerBeforeMethodInterceptor : Authorizing method invocation ReflectiveMethodInvocation: public org.springframework.http.ResponseEntity ch.fhnw.timerecordingbackend.controller.BackupController.triggerBackup(); target is of class [ch.fhnw.timerecordingbackend.controller.BackupController]
2025-05-30T22:20:47.435+02:00 DEBUG 19800 --- [time-recording-backend-test] [o-auto-1-exec-5] horizationManagerBeforeMethodInterceptor : Authorized method invocation ReflectiveMethodInvocation: public org.springframework.http.ResponseEntity ch.fhnw.timerecordingbackend.controller.BackupController.triggerBackup(); target is of class [ch.fhnw.timerecordingbackend.controller.BackupController]
2025-05-30T22:20:47.435+02:00  INFO 19800 --- [time-recording-backend-test] [o-auto-1-exec-5] c.f.t.service.BackupServiceImpl          : Backup-Prozess gestartet...
2025-05-30T22:20:47.444+02:00  INFO 19800 --- [time-recording-backend-test] [o-auto-1-exec-5] c.f.t.service.BackupServiceImpl          : 4 Benutzer gefunden.
2025-05-30T22:20:47.450+02:00  INFO 19800 --- [time-recording-backend-test] [o-auto-1-exec-5] c.f.t.service.BackupServiceImpl          : 1 Projekte gefunden.
2025-05-30T22:20:47.460+02:00  INFO 19800 --- [time-recording-backend-test] [o-auto-1-exec-5] c.f.t.service.BackupServiceImpl          : 2 Zeiteinträge gefunden.
2025-05-30T22:20:47.463+02:00  INFO 19800 --- [time-recording-backend-test] [o-auto-1-exec-5] c.f.t.service.BackupServiceImpl          : 1 Abwesenheiten gefunden.
2025-05-30T22:20:47.483+02:00  INFO 19800 --- [time-recording-backend-test] [o-auto-1-exec-5] c.f.t.service.BackupServiceImpl          : Backup erfolgreich erstellt: /Users/Furkan/IdeaProjects/time-recording-backend/./backups/timerecording_backup_20250530_222047.json
Backup erstellt: /Users/Furkan/IdeaProjects/time-recording-backend/./backups/timerecording_backup_20250530_222047.json
]]></system-out>
  </testcase>
  <testcase name="testListBackups" classname="ch.fhnw.timerecordingbackend.systemtest.TimeRecordingSystemTest" time="0.031">
    <system-out><![CDATA[2025-05-30T22:20:47.499+02:00 DEBUG 19800 --- [time-recording-backend-test] [o-auto-1-exec-6] o.s.security.web.FilterChainProxy        : Securing GET /api/admin/backups
2025-05-30T22:20:47.510+02:00 DEBUG 19800 --- [time-recording-backend-test] [o-auto-1-exec-6] o.s.security.web.FilterChainProxy        : Secured GET /api/admin/backups
2025-05-30T22:20:47.511+02:00 DEBUG 19800 --- [time-recording-backend-test] [o-auto-1-exec-6] horizationManagerBeforeMethodInterceptor : Authorizing method invocation ReflectiveMethodInvocation: public org.springframework.http.ResponseEntity ch.fhnw.timerecordingbackend.controller.BackupController.listBackups(); target is of class [ch.fhnw.timerecordingbackend.controller.BackupController]
2025-05-30T22:20:47.513+02:00 DEBUG 19800 --- [time-recording-backend-test] [o-auto-1-exec-6] horizationManagerBeforeMethodInterceptor : Authorized method invocation ReflectiveMethodInvocation: public org.springframework.http.ResponseEntity ch.fhnw.timerecordingbackend.controller.BackupController.listBackups(); target is of class [ch.fhnw.timerecordingbackend.controller.BackupController]
✅ Backup-Liste abgerufen: 16 Dateien
]]></system-out>
  </testcase>
  <testcase name="testGetSystemLogs" classname="ch.fhnw.timerecordingbackend.systemtest.TimeRecordingSystemTest" time="0.036">
    <system-out><![CDATA[2025-05-30T22:20:47.530+02:00 DEBUG 19800 --- [time-recording-backend-test] [o-auto-1-exec-7] o.s.security.web.FilterChainProxy        : Securing GET /api/admin/logs
2025-05-30T22:20:47.544+02:00 DEBUG 19800 --- [time-recording-backend-test] [o-auto-1-exec-7] o.s.security.web.FilterChainProxy        : Secured GET /api/admin/logs
2025-05-30T22:20:47.545+02:00 DEBUG 19800 --- [time-recording-backend-test] [o-auto-1-exec-7] horizationManagerBeforeMethodInterceptor : Authorizing method invocation ReflectiveMethodInvocation: public org.springframework.http.ResponseEntity ch.fhnw.timerecordingbackend.controller.AdminController.getSystemLogs(); target is of class [ch.fhnw.timerecordingbackend.controller.AdminController]
2025-05-30T22:20:47.546+02:00 DEBUG 19800 --- [time-recording-backend-test] [o-auto-1-exec-7] horizationManagerBeforeMethodInterceptor : Authorized method invocation ReflectiveMethodInvocation: public org.springframework.http.ResponseEntity ch.fhnw.timerecordingbackend.controller.AdminController.getSystemLogs(); target is of class [ch.fhnw.timerecordingbackend.controller.AdminController]
System-Logs abgerufen: 13 Einträge
]]></system-out>
  </testcase>
  <testcase name="testForbiddenAccess" classname="ch.fhnw.timerecordingbackend.systemtest.TimeRecordingSystemTest" time="0.037">
    <system-out><![CDATA[2025-05-30T22:20:47.569+02:00 DEBUG 19800 --- [time-recording-backend-test] [o-auto-1-exec-8] o.s.security.web.FilterChainProxy        : Securing GET /api/admin/users
2025-05-30T22:20:47.579+02:00 DEBUG 19800 --- [time-recording-backend-test] [o-auto-1-exec-8] o.s.s.w.access.AccessDeniedHandlerImpl   : Responding with 403 status code
2025-05-30T22:20:47.585+02:00 DEBUG 19800 --- [time-recording-backend-test] [o-auto-1-exec-8] o.s.security.web.FilterChainProxy        : Securing GET /error
2025-05-30T22:20:47.585+02:00 DEBUG 19800 --- [time-recording-backend-test] [o-auto-1-exec-8] o.s.s.w.a.AnonymousAuthenticationFilter  : Set SecurityContextHolder to anonymous SecurityContext
2025-05-30T22:20:47.586+02:00 DEBUG 19800 --- [time-recording-backend-test] [o-auto-1-exec-8] o.s.s.w.a.Http403ForbiddenEntryPoint     : Pre-authenticated entry point called. Rejecting access
Forbidden Access korrekt abgelehnt
]]></system-out>
  </testcase>
  <testcase name="testDeleteTimeEntry" classname="ch.fhnw.timerecordingbackend.systemtest.TimeRecordingSystemTest" time="0.122">
    <system-out><![CDATA[2025-05-30T22:20:47.617+02:00 DEBUG 19800 --- [time-recording-backend-test] [o-auto-1-exec-9] o.s.security.web.FilterChainProxy        : Securing DELETE /api/time-entries/1
2025-05-30T22:20:47.641+02:00 DEBUG 19800 --- [time-recording-backend-test] [o-auto-1-exec-9] o.s.security.web.FilterChainProxy        : Secured DELETE /api/time-entries/1
2025-05-30T22:20:47.649+02:00 DEBUG 19800 --- [time-recording-backend-test] [o-auto-1-exec-9] horizationManagerBeforeMethodInterceptor : Authorizing method invocation ReflectiveMethodInvocation: public org.springframework.http.ResponseEntity ch.fhnw.timerecordingbackend.controller.TimeEntryController.deleteTimeEntry(java.lang.Long); target is of class [ch.fhnw.timerecordingbackend.controller.TimeEntryController]
2025-05-30T22:20:47.674+02:00 DEBUG 19800 --- [time-recording-backend-test] [o-auto-1-exec-9] horizationManagerBeforeMethodInterceptor : Authorized method invocation ReflectiveMethodInvocation: public org.springframework.http.ResponseEntity ch.fhnw.timerecordingbackend.controller.TimeEntryController.deleteTimeEntry(java.lang.Long); target is of class [ch.fhnw.timerecordingbackend.controller.TimeEntryController]
Zeiteintrag gelöscht
]]></system-out>
  </testcase>
  <testcase name="testLogout" classname="ch.fhnw.timerecordingbackend.systemtest.TimeRecordingSystemTest" time="0.127">
    <system-out><![CDATA[2025-05-30T22:20:47.757+02:00 DEBUG 19800 --- [time-recording-backend-test] [-auto-1-exec-10] o.s.security.web.FilterChainProxy        : Securing POST /api/auth/logout
2025-05-30T22:20:47.809+02:00 DEBUG 19800 --- [time-recording-backend-test] [-auto-1-exec-10] o.s.security.web.FilterChainProxy        : Secured POST /api/auth/logout
Logout erfolgreich
2025-05-30T22:20:47.854+02:00 DEBUG 19800 --- [time-recording-backend-test] [o-auto-1-exec-1] o.s.security.web.FilterChainProxy        : Securing GET /api/time-entries
2025-05-30T22:20:47.854+02:00 DEBUG 19800 --- [time-recording-backend-test] [o-auto-1-exec-1] o.s.s.w.a.AnonymousAuthenticationFilter  : Set SecurityContextHolder to anonymous SecurityContext
2025-05-30T22:20:47.855+02:00 DEBUG 19800 --- [time-recording-backend-test] [o-auto-1-exec-1] o.s.s.w.a.Http403ForbiddenEntryPoint     : Pre-authenticated entry point called. Rejecting access
2025-05-30T22:20:47.856+02:00 DEBUG 19800 --- [time-recording-backend-test] [o-auto-1-exec-1] o.s.security.web.FilterChainProxy        : Securing GET /error
2025-05-30T22:20:47.856+02:00 DEBUG 19800 --- [time-recording-backend-test] [o-auto-1-exec-1] o.s.s.w.a.AnonymousAuthenticationFilter  : Set SecurityContextHolder to anonymous SecurityContext
2025-05-30T22:20:47.856+02:00 DEBUG 19800 --- [time-recording-backend-test] [o-auto-1-exec-1] o.s.s.w.a.Http403ForbiddenEntryPoint     : Pre-authenticated entry point called. Rejecting access
Logout-Verhalten getestet
]]></system-out>
  </testcase>
  <testcase name="testSummary" classname="ch.fhnw.timerecordingbackend.systemtest.TimeRecordingSystemTest" time="0.004">
    <system-out><![CDATA[
============================================================
🎉 SYSTEMTEST ERFOLGREICH ABGESCHLOSSEN 🎉
============================================================
Alle 30 Systemtests erfolgreich durchlaufen
Authentication & Authorization getestet
User Management getestet
Project Management getestet
Time Entry Management getestet
Absence Management getestet
Password Management getestet
Backup Funktionalität getestet
System Logs getestet
Security & Error Handling getestet
============================================================
]]></system-out>
  </testcase>
</testsuite>